This file contains any messages produced by compilers while
running configure, to aid debugging if configure makes a mistake.

It was created by blitz configure 0.10, which was
generated by GNU Autoconf 2.69.  Invocation command line was

  $ ./configure --prefix=/Users/lyx/SynologyDrive/Develop

## --------- ##
## Platform. ##
## --------- ##

hostname = MBP-2018-lyx.local
uname -m = x86_64
uname -r = 19.4.0
uname -s = Darwin
uname -v = Darwin Kernel Version 19.4.0: Wed Mar  4 22:28:40 PST 2020; root:xnu-6153.101.6~15/RELEASE_X86_64

/usr/bin/uname -p = i386
/bin/uname -X     = unknown

/bin/arch              = unknown
/usr/bin/arch -k       = unknown
/usr/convex/getsysinfo = unknown
/usr/bin/hostinfo      = Mach kernel version:
	 Darwin Kernel Version 19.4.0: Wed Mar  4 22:28:40 PST 2020; root:xnu-6153.101.6~15/RELEASE_X86_64
Kernel configured for up to 12 processors.
6 processors are physically available.
12 processors are logically available.
Processor type: x86_64h (Intel x86-64h Haswell)
Processors active: 0 1 2 3 4 5 6 7 8 9 10 11
Primary memory available: 32.00 gigabytes
Default processor set: 554 tasks, 4156 threads, 12 processors
Load average: 1.94, Mach factor: 10.05
/bin/machine           = unknown
/usr/bin/oslevel       = unknown
/bin/universe          = unknown

PATH: /usr/local/opt/openjdk/bin
PATH: /Users/lyx/anaconda2/envs/py38/bin
PATH: /Users/lyx/anaconda2/condabin
PATH: /usr/local/opt/openssl/bin
PATH: /usr/local/texlive/2018/bin/x86_64-darwin
PATH: /usr/local/lib/ruby/gems/2.7.0/bin
PATH: /Users/lyx/.gem/ruby/2.7.0/bin
PATH: /usr/local/opt/ruby/bin
PATH: /Users/lyx/anaconda2/bin
PATH: /usr/local/Cellar
PATH: /Users/lyx/scripts
PATH: /Developer/NVIDIA/CUDA-6.5/bin
PATH: /Users/lyx/opt/bin
PATH: /Users/lyx/SynologyDrive/Develop/bin
PATH: /opt/local/bin
PATH: /opt/local/sbin
PATH: /usr/local/bin
PATH: /usr/bin
PATH: /bin
PATH: /usr/sbin
PATH: /sbin
PATH: /Applications/VMware Fusion.app/Contents/Public
PATH: /Library/TeX/texbin
PATH: /opt/X11/bin
PATH: /Library/Apple/usr/bin


## ----------- ##
## Core tests. ##
## ----------- ##

configure:2731: checking build system type
configure:2745: result: x86_64-apple-darwin19.4.0
configure:2765: checking host system type
configure:2778: result: x86_64-apple-darwin19.4.0
configure:2798: checking target system type
configure:2811: result: x86_64-apple-darwin19.4.0
configure:2854: checking for a BSD-compatible install
configure:2922: result: /usr/local/bin/ginstall -c
configure:2933: checking whether build environment is sane
configure:2988: result: yes
configure:3139: checking for a thread-safe mkdir -p
configure:3178: result: /usr/local/bin/gmkdir -p
configure:3185: checking for gawk
configure:3215: result: no
configure:3185: checking for mawk
configure:3215: result: no
configure:3185: checking for nawk
configure:3215: result: no
configure:3185: checking for awk
configure:3201: found /usr/bin/awk
configure:3212: result: awk
configure:3223: checking whether make sets $(MAKE)
configure:3245: result: yes
configure:3274: checking whether make supports nested variables
configure:3291: result: yes
configure:3380: checking whether to enable maintainer-specific portions of Makefiles
configure:3389: result: no
configure:3412:

Configuring blitz 0.10 for x86_64-apple-darwin19.4.0


configure:3478: checking for xlc++
configure:3508: result: no
configure:3478: checking for xlC
configure:3508: result: no
configure:3478: checking for icpc
configure:3508: result: no
configure:3478: checking for pathCC
configure:3508: result: no
configure:3478: checking for pgCC
configure:3508: result: no
configure:3478: checking for cxx
configure:3508: result: no
configure:3478: checking for aCC
configure:3508: result: no
configure:3478: checking for c++
configure:3494: found /usr/bin/c++
configure:3505: result: c++
configure:3532: checking for C++ compiler version
configure:3541: c++ --version >&5
Apple clang version 11.0.3 (clang-1103.0.32.62)
Target: x86_64-apple-darwin19.4.0
Thread model: posix
InstalledDir: /Applications/Xcode.app/Contents/Developer/Toolchains/XcodeDefault.xctoolchain/usr/bin
configure:3552: $? = 0
configure:3541: c++ -v >&5
Apple clang version 11.0.3 (clang-1103.0.32.62)
Target: x86_64-apple-darwin19.4.0
Thread model: posix
InstalledDir: /Applications/Xcode.app/Contents/Developer/Toolchains/XcodeDefault.xctoolchain/usr/bin
configure:3552: $? = 0
configure:3541: c++ -V >&5
clang: error: unsupported option '-V -Wno-objc-signed-char-bool-implicit-int-conversion'
clang: error: no input files
configure:3552: $? = 1
configure:3541: c++ -qversion >&5
clang: error: unknown argument '-qversion'; did you mean '--version'?
clang: error: no input files
configure:3552: $? = 1
configure:3572: checking whether the C++ compiler works
configure:3594: c++    conftest.cpp  >&5
configure:3598: $? = 0
configure:3646: result: yes
configure:3649: checking for C++ compiler default output file name
configure:3651: result: a.out
configure:3657: checking for suffix of executables
configure:3664: c++ -o conftest    conftest.cpp  >&5
configure:3668: $? = 0
configure:3690: result: 
configure:3712: checking whether we are cross compiling
configure:3720: c++ -o conftest    conftest.cpp  >&5
configure:3724: $? = 0
configure:3731: ./conftest
configure:3735: $? = 0
configure:3750: result: no
configure:3755: checking for suffix of object files
configure:3777: c++ -c   conftest.cpp >&5
configure:3781: $? = 0
configure:3802: result: o
configure:3806: checking whether we are using the GNU C++ compiler
configure:3825: c++ -c   conftest.cpp >&5
configure:3825: $? = 0
configure:3834: result: yes
configure:3843: checking whether c++ accepts -g
configure:3863: c++ -c -g  conftest.cpp >&5
configure:3863: $? = 0
configure:3904: result: yes
configure:3938: checking for style of include used by make
configure:3966: result: GNU
configure:3992: checking dependency style of c++
configure:4103: result: gcc3
configure:4140: checking whether using c++ preset flags
configure:4271: result: yes
configure:4280: Setting compiler flags for GNU c++ (wahoo!)
configure:4295: checking whether to enable Fortran compilation for benchmark codes
configure:4305: result: yes
configure:4371: checking for xlf
configure:4401: result: no
configure:4371: checking for ifort
configure:4401: result: no
configure:4371: checking for pathf90
configure:4401: result: no
configure:4371: checking for pgf77
configure:4401: result: no
configure:4371: checking for ftn
configure:4401: result: no
configure:4371: checking for frt
configure:4401: result: no
configure:4371: checking for gfortran
configure:4387: found /usr/local/bin/gfortran
configure:4398: result: gfortran
configure:4424: checking for Fortran 77 compiler version
configure:4433: gfortran --version >&5
GNU Fortran (Homebrew GCC 8.2.0) 8.2.0
Copyright (C) 2018 Free Software Foundation, Inc.
This is free software; see the source for copying conditions.  There is NO
warranty; not even for MERCHANTABILITY or FITNESS FOR A PARTICULAR PURPOSE.

configure:4444: $? = 0
configure:4433: gfortran -v >&5
Using built-in specs.
COLLECT_GCC=gfortran
COLLECT_LTO_WRAPPER=/usr/local/Cellar/gcc/8.2.0/libexec/gcc/x86_64-apple-darwin18.2.0/8.2.0/lto-wrapper
Target: x86_64-apple-darwin18.2.0
Configured with: ../configure --build=x86_64-apple-darwin18.2.0 --prefix=/usr/local/Cellar/gcc/8.2.0 --libdir=/usr/local/Cellar/gcc/8.2.0/lib/gcc/8 --disable-nls --enable-checking=release --enable-languages=c,c++,objc,obj-c++,fortran --program-suffix=-8 --with-gmp=/usr/local/opt/gmp --with-mpfr=/usr/local/opt/mpfr --with-mpc=/usr/local/opt/libmpc --with-isl=/usr/local/opt/isl --with-system-zlib --with-pkgversion='Homebrew GCC 8.2.0' --with-bugurl=https://github.com/Homebrew/homebrew-core/issues --disable-multilib --with-native-system-header-dir=/usr/include --with-sysroot=/Library/Developer/CommandLineTools/SDKs/MacOSX.sdk
Thread model: posix
gcc version 8.2.0 (Homebrew GCC 8.2.0) 
configure:4444: $? = 0
configure:4433: gfortran -V >&5
gfortran: error: unrecognized command line option '-V'
gfortran: fatal error: no input files
compilation terminated.
configure:4444: $? = 1
configure:4433: gfortran -qversion >&5
gfortran: error: unrecognized command line option '-qversion'; did you mean '--version'?
gfortran: fatal error: no input files
compilation terminated.
configure:4444: $? = 1
configure:4453: checking whether we are using the GNU Fortran 77 compiler
configure:4466: gfortran -c  conftest.F >&5
configure:4466: $? = 0
configure:4475: result: yes
configure:4481: checking whether gfortran accepts -g
configure:4492: gfortran -c -g conftest.f >&5
configure:4492: $? = 0
configure:4500: result: yes
configure:4582: checking for xlf90
configure:4612: result: no
configure:4582: checking for ifort
configure:4612: result: no
configure:4582: checking for pathf90
configure:4612: result: no
configure:4582: checking for pgf90
configure:4612: result: no
configure:4582: checking for ftn
configure:4612: result: no
configure:4582: checking for frt
configure:4612: result: no
configure:4582: checking for f90
configure:4612: result: no
configure:4582: checking for gfortran
configure:4598: found /usr/local/bin/gfortran
configure:4609: result: gfortran
configure:4635: checking for Fortran compiler version
configure:4644: gfortran --version >&5
GNU Fortran (Homebrew GCC 8.2.0) 8.2.0
Copyright (C) 2018 Free Software Foundation, Inc.
This is free software; see the source for copying conditions.  There is NO
warranty; not even for MERCHANTABILITY or FITNESS FOR A PARTICULAR PURPOSE.

configure:4655: $? = 0
configure:4644: gfortran -v >&5
Using built-in specs.
COLLECT_GCC=gfortran
COLLECT_LTO_WRAPPER=/usr/local/Cellar/gcc/8.2.0/libexec/gcc/x86_64-apple-darwin18.2.0/8.2.0/lto-wrapper
Target: x86_64-apple-darwin18.2.0
Configured with: ../configure --build=x86_64-apple-darwin18.2.0 --prefix=/usr/local/Cellar/gcc/8.2.0 --libdir=/usr/local/Cellar/gcc/8.2.0/lib/gcc/8 --disable-nls --enable-checking=release --enable-languages=c,c++,objc,obj-c++,fortran --program-suffix=-8 --with-gmp=/usr/local/opt/gmp --with-mpfr=/usr/local/opt/mpfr --with-mpc=/usr/local/opt/libmpc --with-isl=/usr/local/opt/isl --with-system-zlib --with-pkgversion='Homebrew GCC 8.2.0' --with-bugurl=https://github.com/Homebrew/homebrew-core/issues --disable-multilib --with-native-system-header-dir=/usr/include --with-sysroot=/Library/Developer/CommandLineTools/SDKs/MacOSX.sdk
Thread model: posix
gcc version 8.2.0 (Homebrew GCC 8.2.0) 
configure:4655: $? = 0
configure:4644: gfortran -V >&5
gfortran: error: unrecognized command line option '-V'
gfortran: fatal error: no input files
compilation terminated.
configure:4655: $? = 1
configure:4644: gfortran -qversion >&5
gfortran: error: unrecognized command line option '-qversion'; did you mean '--version'?
gfortran: fatal error: no input files
compilation terminated.
configure:4655: $? = 1
configure:4664: checking whether we are using the GNU Fortran compiler
configure:4677: gfortran -c   conftest.F >&5
configure:4677: $? = 0
configure:4686: result: yes
configure:4692: checking whether gfortran accepts -g
configure:4703: gfortran -c -g  conftest.f >&5
configure:4703: $? = 0
configure:4711: result: yes
configure:4754: checking whether using Fortran preset flags
configure:4767: result: yes
configure:5046: checking how to get verbose linking output from gfortran
configure:5056: gfortran -c -g -O2 conftest.f >&5
configure:5056: $? = 0
configure:5074: gfortran -o conftest -g -O2 -v conftest.f
Using built-in specs.
Target: x86_64-apple-darwin18.2.0
Thread model: posix
gcc version 8.2.0 (Homebrew GCC 8.2.0) 
 /usr/local/Cellar/gcc/8.2.0/libexec/gcc/x86_64-apple-darwin18.2.0/8.2.0/f951 conftest.f -ffixed-form -fPIC -feliminate-unused-debug-symbols -quiet -dumpbase conftest.f -mmacosx-version-min=10.15.0 -mtune=core2 -auxbase conftest -g -O2 -version -fintrinsic-modules-path /usr/local/Cellar/gcc/8.2.0/lib/gcc/8/gcc/x86_64-apple-darwin18.2.0/8.2.0/finclude -o /var/folders/49/vv1vdsyj4_9g74lfystrkb2w0000gn/T//ccJuVa9I.s
GNU Fortran (Homebrew GCC 8.2.0) version 8.2.0 (x86_64-apple-darwin18.2.0)
	compiled by GNU C version 8.2.0, GMP version 6.1.2, MPFR version 4.0.1, MPC version 1.1.0, isl version isl-0.20-GMP

warning: GMP header version 6.1.2 differs from library version 6.2.0.
GGC heuristics: --param ggc-min-expand=100 --param ggc-min-heapsize=131072
GNU Fortran2008 (Homebrew GCC 8.2.0) version 8.2.0 (x86_64-apple-darwin18.2.0)
	compiled by GNU C version 8.2.0, GMP version 6.1.2, MPFR version 4.0.1, MPC version 1.1.0, isl version isl-0.20-GMP

warning: GMP header version 6.1.2 differs from library version 6.2.0.
GGC heuristics: --param ggc-min-expand=100 --param ggc-min-heapsize=131072
 as -arch x86_64 -v -force_cpusubtype_ALL -mmacosx-version-min=10.15 -o /var/folders/49/vv1vdsyj4_9g74lfystrkb2w0000gn/T//ccQFqjiQ.o /var/folders/49/vv1vdsyj4_9g74lfystrkb2w0000gn/T//ccJuVa9I.s
Apple clang version 11.0.3 (clang-1103.0.32.62)
Target: x86_64-apple-darwin19.4.0
Thread model: posix
InstalledDir: /Applications/Xcode.app/Contents/Developer/Toolchains/XcodeDefault.xctoolchain/usr/bin
 "/Applications/Xcode.app/Contents/Developer/Toolchains/XcodeDefault.xctoolchain/usr/bin/clang" -cc1as -triple x86_64-apple-macosx10.15.0 -filetype obj -main-file-name ccJuVa9I.s -target-cpu penryn -fdebug-compilation-dir /Users/lyx/SynologyDrive/Develop/blitz-1946604d4724 -dwarf-debug-producer "Apple clang version 11.0.3 (clang-1103.0.32.62)" -dwarf-version=4 -mrelocation-model pic -o /var/folders/49/vv1vdsyj4_9g74lfystrkb2w0000gn/T//ccQFqjiQ.o /var/folders/49/vv1vdsyj4_9g74lfystrkb2w0000gn/T//ccJuVa9I.s
Reading specs from /usr/local/Cellar/gcc/8.2.0/lib/gcc/8/gcc/x86_64-apple-darwin18.2.0/8.2.0/../../../libgfortran.spec
rename spec lib to liborig
 /usr/local/Cellar/gcc/8.2.0/libexec/gcc/x86_64-apple-darwin18.2.0/8.2.0/collect2 -syslibroot /Library/Developer/CommandLineTools/SDKs/MacOSX.sdk/ -dynamic -arch x86_64 -macosx_version_min 10.15.0 -weak_reference_mismatches non-weak -o conftest -L. -L/Users/lyx/opt/lib -L/Users/lyx/opt/matio/lib -L/Applications/MATLAB_R2016a.app/extern/lib/maci64 -L/Applications/MATLAB_R2016a.app/sys/os/maci64 -L/Applications/MATLAB_R2016a.app/bin/maci64 -L. -L/usr/local/Cellar/gcc/8.2.0/lib/gcc/8/gcc/x86_64-apple-darwin18.2.0/8.2.0 -L/usr/local/Cellar/gcc/8.2.0/lib/gcc/8/gcc/x86_64-apple-darwin18.2.0/8.2.0/../../.. /var/folders/49/vv1vdsyj4_9g74lfystrkb2w0000gn/T//ccQFqjiQ.o -lgfortran -no_compact_unwind -lSystem -lgcc_ext.10.5 -lgcc -lquadmath -lm -lgcc_ext.10.5 -lgcc -lSystem -v -idsym -dsym
collect2 version 8.2.0
/usr/bin/ld -syslibroot /Library/Developer/CommandLineTools/SDKs/MacOSX.sdk/ -dynamic -arch x86_64 -macosx_version_min 10.15.0 -weak_reference_mismatches non-weak -o conftest -L. -L/Users/lyx/opt/lib -L/Users/lyx/opt/matio/lib -L/Applications/MATLAB_R2016a.app/extern/lib/maci64 -L/Applications/MATLAB_R2016a.app/sys/os/maci64 -L/Applications/MATLAB_R2016a.app/bin/maci64 -L. -L/usr/local/Cellar/gcc/8.2.0/lib/gcc/8/gcc/x86_64-apple-darwin18.2.0/8.2.0 -L/usr/local/Cellar/gcc/8.2.0/lib/gcc/8/gcc/x86_64-apple-darwin18.2.0/8.2.0/../../.. /var/folders/49/vv1vdsyj4_9g74lfystrkb2w0000gn/T//ccQFqjiQ.o -lgfortran -no_compact_unwind -lSystem -lgcc_ext.10.5 -lgcc -lquadmath -lm -lgcc_ext.10.5 -lgcc -lSystem -v
@(#)PROGRAM:ld  PROJECT:ld64-556.6
BUILD 18:54:40 Jun  2 2020
configured to support archs: armv6 armv7 armv7s arm64 arm64e arm64_32 i386 x86_64 x86_64h armv6m armv7k armv7m armv7em
Library search paths:
	.
	/Users/lyx/opt/lib
	/Users/lyx/opt/matio/lib
	/Applications/MATLAB_R2016a.app/extern/lib/maci64
	/Applications/MATLAB_R2016a.app/sys/os/maci64
	/Applications/MATLAB_R2016a.app/bin/maci64
	.
	/usr/local/Cellar/gcc/8.2.0/lib/gcc/8/gcc/x86_64-apple-darwin18.2.0/8.2.0
	/usr/local/Cellar/gcc/8.2.0/lib/gcc/8
	/Library/Developer/CommandLineTools/SDKs/MacOSX.sdk/usr/lib
Framework search paths:
	/Library/Developer/CommandLineTools/SDKs/MacOSX.sdk/System/Library/Frameworks/
 /usr/bin/nm -n /var/folders/49/vv1vdsyj4_9g74lfystrkb2w0000gn/T//ccQFqjiQ.o
dsymutil conftest
configure:5157: result: -v
configure:5159: checking for Fortran 77 libraries of gfortran
configure:5182: gfortran -o conftest -g -O2 -v conftest.f
Using built-in specs.
Target: x86_64-apple-darwin18.2.0
Thread model: posix
gcc version 8.2.0 (Homebrew GCC 8.2.0) 
 /usr/local/Cellar/gcc/8.2.0/libexec/gcc/x86_64-apple-darwin18.2.0/8.2.0/f951 conftest.f -ffixed-form -fPIC -feliminate-unused-debug-symbols -quiet -dumpbase conftest.f -mmacosx-version-min=10.15.0 -mtune=core2 -auxbase conftest -g -O2 -version -fintrinsic-modules-path /usr/local/Cellar/gcc/8.2.0/lib/gcc/8/gcc/x86_64-apple-darwin18.2.0/8.2.0/finclude -o /var/folders/49/vv1vdsyj4_9g74lfystrkb2w0000gn/T//ccN42ZxD.s
GNU Fortran (Homebrew GCC 8.2.0) version 8.2.0 (x86_64-apple-darwin18.2.0)
	compiled by GNU C version 8.2.0, GMP version 6.1.2, MPFR version 4.0.1, MPC version 1.1.0, isl version isl-0.20-GMP

warning: GMP header version 6.1.2 differs from library version 6.2.0.
GGC heuristics: --param ggc-min-expand=100 --param ggc-min-heapsize=131072
GNU Fortran2008 (Homebrew GCC 8.2.0) version 8.2.0 (x86_64-apple-darwin18.2.0)
	compiled by GNU C version 8.2.0, GMP version 6.1.2, MPFR version 4.0.1, MPC version 1.1.0, isl version isl-0.20-GMP

warning: GMP header version 6.1.2 differs from library version 6.2.0.
GGC heuristics: --param ggc-min-expand=100 --param ggc-min-heapsize=131072
 as -arch x86_64 -v -force_cpusubtype_ALL -mmacosx-version-min=10.15 -o /var/folders/49/vv1vdsyj4_9g74lfystrkb2w0000gn/T//ccYNNNkI.o /var/folders/49/vv1vdsyj4_9g74lfystrkb2w0000gn/T//ccN42ZxD.s
Apple clang version 11.0.3 (clang-1103.0.32.62)
Target: x86_64-apple-darwin19.4.0
Thread model: posix
InstalledDir: /Applications/Xcode.app/Contents/Developer/Toolchains/XcodeDefault.xctoolchain/usr/bin
 "/Applications/Xcode.app/Contents/Developer/Toolchains/XcodeDefault.xctoolchain/usr/bin/clang" -cc1as -triple x86_64-apple-macosx10.15.0 -filetype obj -main-file-name ccN42ZxD.s -target-cpu penryn -fdebug-compilation-dir /Users/lyx/SynologyDrive/Develop/blitz-1946604d4724 -dwarf-debug-producer "Apple clang version 11.0.3 (clang-1103.0.32.62)" -dwarf-version=4 -mrelocation-model pic -o /var/folders/49/vv1vdsyj4_9g74lfystrkb2w0000gn/T//ccYNNNkI.o /var/folders/49/vv1vdsyj4_9g74lfystrkb2w0000gn/T//ccN42ZxD.s
Reading specs from /usr/local/Cellar/gcc/8.2.0/lib/gcc/8/gcc/x86_64-apple-darwin18.2.0/8.2.0/../../../libgfortran.spec
rename spec lib to liborig
 /usr/local/Cellar/gcc/8.2.0/libexec/gcc/x86_64-apple-darwin18.2.0/8.2.0/collect2 -syslibroot /Library/Developer/CommandLineTools/SDKs/MacOSX.sdk/ -dynamic -arch x86_64 -macosx_version_min 10.15.0 -weak_reference_mismatches non-weak -o conftest -L. -L/Users/lyx/opt/lib -L/Users/lyx/opt/matio/lib -L/Applications/MATLAB_R2016a.app/extern/lib/maci64 -L/Applications/MATLAB_R2016a.app/sys/os/maci64 -L/Applications/MATLAB_R2016a.app/bin/maci64 -L. -L/usr/local/Cellar/gcc/8.2.0/lib/gcc/8/gcc/x86_64-apple-darwin18.2.0/8.2.0 -L/usr/local/Cellar/gcc/8.2.0/lib/gcc/8/gcc/x86_64-apple-darwin18.2.0/8.2.0/../../.. /var/folders/49/vv1vdsyj4_9g74lfystrkb2w0000gn/T//ccYNNNkI.o -lgfortran -no_compact_unwind -lSystem -lgcc_ext.10.5 -lgcc -lquadmath -lm -lgcc_ext.10.5 -lgcc -lSystem -v -idsym -dsym
collect2 version 8.2.0
/usr/bin/ld -syslibroot /Library/Developer/CommandLineTools/SDKs/MacOSX.sdk/ -dynamic -arch x86_64 -macosx_version_min 10.15.0 -weak_reference_mismatches non-weak -o conftest -L. -L/Users/lyx/opt/lib -L/Users/lyx/opt/matio/lib -L/Applications/MATLAB_R2016a.app/extern/lib/maci64 -L/Applications/MATLAB_R2016a.app/sys/os/maci64 -L/Applications/MATLAB_R2016a.app/bin/maci64 -L. -L/usr/local/Cellar/gcc/8.2.0/lib/gcc/8/gcc/x86_64-apple-darwin18.2.0/8.2.0 -L/usr/local/Cellar/gcc/8.2.0/lib/gcc/8/gcc/x86_64-apple-darwin18.2.0/8.2.0/../../.. /var/folders/49/vv1vdsyj4_9g74lfystrkb2w0000gn/T//ccYNNNkI.o -lgfortran -no_compact_unwind -lSystem -lgcc_ext.10.5 -lgcc -lquadmath -lm -lgcc_ext.10.5 -lgcc -lSystem -v
@(#)PROGRAM:ld  PROJECT:ld64-556.6
BUILD 18:54:40 Jun  2 2020
configured to support archs: armv6 armv7 armv7s arm64 arm64e arm64_32 i386 x86_64 x86_64h armv6m armv7k armv7m armv7em
Library search paths:
	.
	/Users/lyx/opt/lib
	/Users/lyx/opt/matio/lib
	/Applications/MATLAB_R2016a.app/extern/lib/maci64
	/Applications/MATLAB_R2016a.app/sys/os/maci64
	/Applications/MATLAB_R2016a.app/bin/maci64
	.
	/usr/local/Cellar/gcc/8.2.0/lib/gcc/8/gcc/x86_64-apple-darwin18.2.0/8.2.0
	/usr/local/Cellar/gcc/8.2.0/lib/gcc/8
	/Library/Developer/CommandLineTools/SDKs/MacOSX.sdk/usr/lib
Framework search paths:
	/Library/Developer/CommandLineTools/SDKs/MacOSX.sdk/System/Library/Frameworks/
 /usr/bin/nm -n /var/folders/49/vv1vdsyj4_9g74lfystrkb2w0000gn/T//ccYNNNkI.o
dsymutil conftest
configure:5378: result:  -L. -L/Users/lyx/opt/lib -L/Users/lyx/opt/matio/lib -L/Applications/MATLAB_R2016a.app/extern/lib/maci64 -L/Applications/MATLAB_R2016a.app/sys/os/maci64 -L/Applications/MATLAB_R2016a.app/bin/maci64 -L/usr/local/Cellar/gcc/8.2.0/lib/gcc/8/gcc/x86_64-apple-darwin18.2.0/8.2.0 -L/usr/local/Cellar/gcc/8.2.0/lib/gcc/8/gcc/x86_64-apple-darwin18.2.0/8.2.0/../../.. -lgfortran -lquadmath -lm
configure:5404: checking how to get verbose linking output from gfortran
configure:5414: gfortran -c -g -O2  conftest.f >&5
configure:5414: $? = 0
configure:5432: gfortran -o conftest -g -O2 -v conftest.f
Using built-in specs.
Target: x86_64-apple-darwin18.2.0
Thread model: posix
gcc version 8.2.0 (Homebrew GCC 8.2.0) 
 /usr/local/Cellar/gcc/8.2.0/libexec/gcc/x86_64-apple-darwin18.2.0/8.2.0/f951 conftest.f -ffixed-form -fPIC -feliminate-unused-debug-symbols -quiet -dumpbase conftest.f -mmacosx-version-min=10.15.0 -mtune=core2 -auxbase conftest -g -O2 -version -fintrinsic-modules-path /usr/local/Cellar/gcc/8.2.0/lib/gcc/8/gcc/x86_64-apple-darwin18.2.0/8.2.0/finclude -o /var/folders/49/vv1vdsyj4_9g74lfystrkb2w0000gn/T//cc1wmtdz.s
GNU Fortran (Homebrew GCC 8.2.0) version 8.2.0 (x86_64-apple-darwin18.2.0)
	compiled by GNU C version 8.2.0, GMP version 6.1.2, MPFR version 4.0.1, MPC version 1.1.0, isl version isl-0.20-GMP

warning: GMP header version 6.1.2 differs from library version 6.2.0.
GGC heuristics: --param ggc-min-expand=100 --param ggc-min-heapsize=131072
GNU Fortran2008 (Homebrew GCC 8.2.0) version 8.2.0 (x86_64-apple-darwin18.2.0)
	compiled by GNU C version 8.2.0, GMP version 6.1.2, MPFR version 4.0.1, MPC version 1.1.0, isl version isl-0.20-GMP

warning: GMP header version 6.1.2 differs from library version 6.2.0.
GGC heuristics: --param ggc-min-expand=100 --param ggc-min-heapsize=131072
 as -arch x86_64 -v -force_cpusubtype_ALL -mmacosx-version-min=10.15 -o /var/folders/49/vv1vdsyj4_9g74lfystrkb2w0000gn/T//ccKO9O1v.o /var/folders/49/vv1vdsyj4_9g74lfystrkb2w0000gn/T//cc1wmtdz.s
Apple clang version 11.0.3 (clang-1103.0.32.62)
Target: x86_64-apple-darwin19.4.0
Thread model: posix
InstalledDir: /Applications/Xcode.app/Contents/Developer/Toolchains/XcodeDefault.xctoolchain/usr/bin
 "/Applications/Xcode.app/Contents/Developer/Toolchains/XcodeDefault.xctoolchain/usr/bin/clang" -cc1as -triple x86_64-apple-macosx10.15.0 -filetype obj -main-file-name cc1wmtdz.s -target-cpu penryn -fdebug-compilation-dir /Users/lyx/SynologyDrive/Develop/blitz-1946604d4724 -dwarf-debug-producer "Apple clang version 11.0.3 (clang-1103.0.32.62)" -dwarf-version=4 -mrelocation-model pic -o /var/folders/49/vv1vdsyj4_9g74lfystrkb2w0000gn/T//ccKO9O1v.o /var/folders/49/vv1vdsyj4_9g74lfystrkb2w0000gn/T//cc1wmtdz.s
Reading specs from /usr/local/Cellar/gcc/8.2.0/lib/gcc/8/gcc/x86_64-apple-darwin18.2.0/8.2.0/../../../libgfortran.spec
rename spec lib to liborig
 /usr/local/Cellar/gcc/8.2.0/libexec/gcc/x86_64-apple-darwin18.2.0/8.2.0/collect2 -syslibroot /Library/Developer/CommandLineTools/SDKs/MacOSX.sdk/ -dynamic -arch x86_64 -macosx_version_min 10.15.0 -weak_reference_mismatches non-weak -o conftest -L. -L/Users/lyx/opt/lib -L/Users/lyx/opt/matio/lib -L/Applications/MATLAB_R2016a.app/extern/lib/maci64 -L/Applications/MATLAB_R2016a.app/sys/os/maci64 -L/Applications/MATLAB_R2016a.app/bin/maci64 -L. -L/usr/local/Cellar/gcc/8.2.0/lib/gcc/8/gcc/x86_64-apple-darwin18.2.0/8.2.0 -L/usr/local/Cellar/gcc/8.2.0/lib/gcc/8/gcc/x86_64-apple-darwin18.2.0/8.2.0/../../.. /var/folders/49/vv1vdsyj4_9g74lfystrkb2w0000gn/T//ccKO9O1v.o -lgfortran -no_compact_unwind -lSystem -lgcc_ext.10.5 -lgcc -lquadmath -lm -lgcc_ext.10.5 -lgcc -lSystem -v -idsym -dsym
collect2 version 8.2.0
/usr/bin/ld -syslibroot /Library/Developer/CommandLineTools/SDKs/MacOSX.sdk/ -dynamic -arch x86_64 -macosx_version_min 10.15.0 -weak_reference_mismatches non-weak -o conftest -L. -L/Users/lyx/opt/lib -L/Users/lyx/opt/matio/lib -L/Applications/MATLAB_R2016a.app/extern/lib/maci64 -L/Applications/MATLAB_R2016a.app/sys/os/maci64 -L/Applications/MATLAB_R2016a.app/bin/maci64 -L. -L/usr/local/Cellar/gcc/8.2.0/lib/gcc/8/gcc/x86_64-apple-darwin18.2.0/8.2.0 -L/usr/local/Cellar/gcc/8.2.0/lib/gcc/8/gcc/x86_64-apple-darwin18.2.0/8.2.0/../../.. /var/folders/49/vv1vdsyj4_9g74lfystrkb2w0000gn/T//ccKO9O1v.o -lgfortran -no_compact_unwind -lSystem -lgcc_ext.10.5 -lgcc -lquadmath -lm -lgcc_ext.10.5 -lgcc -lSystem -v
@(#)PROGRAM:ld  PROJECT:ld64-556.6
BUILD 18:54:40 Jun  2 2020
configured to support archs: armv6 armv7 armv7s arm64 arm64e arm64_32 i386 x86_64 x86_64h armv6m armv7k armv7m armv7em
Library search paths:
	.
	/Users/lyx/opt/lib
	/Users/lyx/opt/matio/lib
	/Applications/MATLAB_R2016a.app/extern/lib/maci64
	/Applications/MATLAB_R2016a.app/sys/os/maci64
	/Applications/MATLAB_R2016a.app/bin/maci64
	.
	/usr/local/Cellar/gcc/8.2.0/lib/gcc/8/gcc/x86_64-apple-darwin18.2.0/8.2.0
	/usr/local/Cellar/gcc/8.2.0/lib/gcc/8
	/Library/Developer/CommandLineTools/SDKs/MacOSX.sdk/usr/lib
Framework search paths:
	/Library/Developer/CommandLineTools/SDKs/MacOSX.sdk/System/Library/Frameworks/
 /usr/bin/nm -n /var/folders/49/vv1vdsyj4_9g74lfystrkb2w0000gn/T//ccKO9O1v.o
dsymutil conftest
configure:5515: result: -v
configure:5517: checking for Fortran libraries of gfortran
configure:5540: gfortran -o conftest -g -O2 -v conftest.f
Using built-in specs.
Target: x86_64-apple-darwin18.2.0
Thread model: posix
gcc version 8.2.0 (Homebrew GCC 8.2.0) 
 /usr/local/Cellar/gcc/8.2.0/libexec/gcc/x86_64-apple-darwin18.2.0/8.2.0/f951 conftest.f -ffixed-form -fPIC -feliminate-unused-debug-symbols -quiet -dumpbase conftest.f -mmacosx-version-min=10.15.0 -mtune=core2 -auxbase conftest -g -O2 -version -fintrinsic-modules-path /usr/local/Cellar/gcc/8.2.0/lib/gcc/8/gcc/x86_64-apple-darwin18.2.0/8.2.0/finclude -o /var/folders/49/vv1vdsyj4_9g74lfystrkb2w0000gn/T//ccIYvdC4.s
GNU Fortran (Homebrew GCC 8.2.0) version 8.2.0 (x86_64-apple-darwin18.2.0)
	compiled by GNU C version 8.2.0, GMP version 6.1.2, MPFR version 4.0.1, MPC version 1.1.0, isl version isl-0.20-GMP

warning: GMP header version 6.1.2 differs from library version 6.2.0.
GGC heuristics: --param ggc-min-expand=100 --param ggc-min-heapsize=131072
GNU Fortran2008 (Homebrew GCC 8.2.0) version 8.2.0 (x86_64-apple-darwin18.2.0)
	compiled by GNU C version 8.2.0, GMP version 6.1.2, MPFR version 4.0.1, MPC version 1.1.0, isl version isl-0.20-GMP

warning: GMP header version 6.1.2 differs from library version 6.2.0.
GGC heuristics: --param ggc-min-expand=100 --param ggc-min-heapsize=131072
 as -arch x86_64 -v -force_cpusubtype_ALL -mmacosx-version-min=10.15 -o /var/folders/49/vv1vdsyj4_9g74lfystrkb2w0000gn/T//ccNnBnwu.o /var/folders/49/vv1vdsyj4_9g74lfystrkb2w0000gn/T//ccIYvdC4.s
Apple clang version 11.0.3 (clang-1103.0.32.62)
Target: x86_64-apple-darwin19.4.0
Thread model: posix
InstalledDir: /Applications/Xcode.app/Contents/Developer/Toolchains/XcodeDefault.xctoolchain/usr/bin
 "/Applications/Xcode.app/Contents/Developer/Toolchains/XcodeDefault.xctoolchain/usr/bin/clang" -cc1as -triple x86_64-apple-macosx10.15.0 -filetype obj -main-file-name ccIYvdC4.s -target-cpu penryn -fdebug-compilation-dir /Users/lyx/SynologyDrive/Develop/blitz-1946604d4724 -dwarf-debug-producer "Apple clang version 11.0.3 (clang-1103.0.32.62)" -dwarf-version=4 -mrelocation-model pic -o /var/folders/49/vv1vdsyj4_9g74lfystrkb2w0000gn/T//ccNnBnwu.o /var/folders/49/vv1vdsyj4_9g74lfystrkb2w0000gn/T//ccIYvdC4.s
Reading specs from /usr/local/Cellar/gcc/8.2.0/lib/gcc/8/gcc/x86_64-apple-darwin18.2.0/8.2.0/../../../libgfortran.spec
rename spec lib to liborig
 /usr/local/Cellar/gcc/8.2.0/libexec/gcc/x86_64-apple-darwin18.2.0/8.2.0/collect2 -syslibroot /Library/Developer/CommandLineTools/SDKs/MacOSX.sdk/ -dynamic -arch x86_64 -macosx_version_min 10.15.0 -weak_reference_mismatches non-weak -o conftest -L. -L/Users/lyx/opt/lib -L/Users/lyx/opt/matio/lib -L/Applications/MATLAB_R2016a.app/extern/lib/maci64 -L/Applications/MATLAB_R2016a.app/sys/os/maci64 -L/Applications/MATLAB_R2016a.app/bin/maci64 -L. -L/usr/local/Cellar/gcc/8.2.0/lib/gcc/8/gcc/x86_64-apple-darwin18.2.0/8.2.0 -L/usr/local/Cellar/gcc/8.2.0/lib/gcc/8/gcc/x86_64-apple-darwin18.2.0/8.2.0/../../.. /var/folders/49/vv1vdsyj4_9g74lfystrkb2w0000gn/T//ccNnBnwu.o -lgfortran -no_compact_unwind -lSystem -lgcc_ext.10.5 -lgcc -lquadmath -lm -lgcc_ext.10.5 -lgcc -lSystem -v -idsym -dsym
collect2 version 8.2.0
/usr/bin/ld -syslibroot /Library/Developer/CommandLineTools/SDKs/MacOSX.sdk/ -dynamic -arch x86_64 -macosx_version_min 10.15.0 -weak_reference_mismatches non-weak -o conftest -L. -L/Users/lyx/opt/lib -L/Users/lyx/opt/matio/lib -L/Applications/MATLAB_R2016a.app/extern/lib/maci64 -L/Applications/MATLAB_R2016a.app/sys/os/maci64 -L/Applications/MATLAB_R2016a.app/bin/maci64 -L. -L/usr/local/Cellar/gcc/8.2.0/lib/gcc/8/gcc/x86_64-apple-darwin18.2.0/8.2.0 -L/usr/local/Cellar/gcc/8.2.0/lib/gcc/8/gcc/x86_64-apple-darwin18.2.0/8.2.0/../../.. /var/folders/49/vv1vdsyj4_9g74lfystrkb2w0000gn/T//ccNnBnwu.o -lgfortran -no_compact_unwind -lSystem -lgcc_ext.10.5 -lgcc -lquadmath -lm -lgcc_ext.10.5 -lgcc -lSystem -v
@(#)PROGRAM:ld  PROJECT:ld64-556.6
BUILD 18:54:40 Jun  2 2020
configured to support archs: armv6 armv7 armv7s arm64 arm64e arm64_32 i386 x86_64 x86_64h armv6m armv7k armv7m armv7em
Library search paths:
	.
	/Users/lyx/opt/lib
	/Users/lyx/opt/matio/lib
	/Applications/MATLAB_R2016a.app/extern/lib/maci64
	/Applications/MATLAB_R2016a.app/sys/os/maci64
	/Applications/MATLAB_R2016a.app/bin/maci64
	.
	/usr/local/Cellar/gcc/8.2.0/lib/gcc/8/gcc/x86_64-apple-darwin18.2.0/8.2.0
	/usr/local/Cellar/gcc/8.2.0/lib/gcc/8
	/Library/Developer/CommandLineTools/SDKs/MacOSX.sdk/usr/lib
Framework search paths:
	/Library/Developer/CommandLineTools/SDKs/MacOSX.sdk/System/Library/Frameworks/
 /usr/bin/nm -n /var/folders/49/vv1vdsyj4_9g74lfystrkb2w0000gn/T//ccNnBnwu.o
dsymutil conftest
configure:5736: result:  -L. -L/Users/lyx/opt/lib -L/Users/lyx/opt/matio/lib -L/Applications/MATLAB_R2016a.app/extern/lib/maci64 -L/Applications/MATLAB_R2016a.app/sys/os/maci64 -L/Applications/MATLAB_R2016a.app/bin/maci64 -L/usr/local/Cellar/gcc/8.2.0/lib/gcc/8/gcc/x86_64-apple-darwin18.2.0/8.2.0 -L/usr/local/Cellar/gcc/8.2.0/lib/gcc/8/gcc/x86_64-apple-darwin18.2.0/8.2.0/../../.. -lgfortran -lquadmath -lm
configure:5752: checking for Fortran flag needed to accept free-form source
configure:5771: gfortran -c -g -O2  conftest.f >&5
conftest.f:2:3:

   program freeform
   1
Error: Non-numeric character in statement label at (1)
conftest.f:2:3:

   program freeform
   1
Error: Unclassifiable statement at (1)
conftest.f:4:26:

        print *, 'Hello ', &
                          1
Error: Expected expression in PRINT statement at (1)
conftest.f:5:11:

           'world.'
           1
Error: Invalid character in name at (1)
configure:5771: $? = 1
configure: failed program was:
| 
|   program freeform
|        ! FIXME: how to best confuse non-freeform compilers?
|        print *, 'Hello ', &
|           'world.'
|        end
configure:5771: gfortran -c -g -O2 -ffree-form  conftest.f >&5
configure:5771: $? = 0
configure:5780: result: -ffree-form
configure:5801: checking for Fortran flag to compile .f90 files
configure:5821: gfortran -c -g -O2 -ffree-form  conftest.f90 >&5
configure:5821: $? = 0
configure:5830: result: none
configure:5873: checking compiler specific header
configure:5935: result: gnu/bzconfig.h
configure:5947: checking for makeinfo
configure:5975: result: ${SHELL} /Users/lyx/SynologyDrive/Develop/blitz-1946604d4724/config/missing makeinfo
configure:5994: checking for texi2html
configure:6024: result: no
configure:6070: checking for doxygen
configure:6100: result: no
configure:6189: checking whether to enable C++/Fortran 64-bit compilation flags
configure:6201: result: no
configure:6353: checking how to print strings
configure:6380: result: printf
configure:6449: checking for gcc
configure:6465: found /usr/local/bin/gcc
configure:6476: result: gcc
configure:6705: checking for C compiler version
configure:6714: gcc --version >&5
gcc (Homebrew GCC 8.2.0) 8.2.0
Copyright (C) 2018 Free Software Foundation, Inc.
This is free software; see the source for copying conditions.  There is NO
warranty; not even for MERCHANTABILITY or FITNESS FOR A PARTICULAR PURPOSE.

configure:6725: $? = 0
configure:6714: gcc -v >&5
Using built-in specs.
COLLECT_GCC=gcc
COLLECT_LTO_WRAPPER=/usr/local/Cellar/gcc/8.2.0/libexec/gcc/x86_64-apple-darwin18.2.0/8.2.0/lto-wrapper
Target: x86_64-apple-darwin18.2.0
Configured with: ../configure --build=x86_64-apple-darwin18.2.0 --prefix=/usr/local/Cellar/gcc/8.2.0 --libdir=/usr/local/Cellar/gcc/8.2.0/lib/gcc/8 --disable-nls --enable-checking=release --enable-languages=c,c++,objc,obj-c++,fortran --program-suffix=-8 --with-gmp=/usr/local/opt/gmp --with-mpfr=/usr/local/opt/mpfr --with-mpc=/usr/local/opt/libmpc --with-isl=/usr/local/opt/isl --with-system-zlib --with-pkgversion='Homebrew GCC 8.2.0' --with-bugurl=https://github.com/Homebrew/homebrew-core/issues --disable-multilib --with-native-system-header-dir=/usr/include --with-sysroot=/Library/Developer/CommandLineTools/SDKs/MacOSX.sdk
Thread model: posix
gcc version 8.2.0 (Homebrew GCC 8.2.0) 
configure:6725: $? = 0
configure:6714: gcc -V >&5
gcc: error: unrecognized command line option '-V'
gcc: fatal error: no input files
compilation terminated.
configure:6725: $? = 1
configure:6714: gcc -qversion >&5
gcc: error: unrecognized command line option '-qversion'; did you mean '--version'?
gcc: fatal error: no input files
compilation terminated.
configure:6725: $? = 1
configure:6729: checking whether we are using the GNU C compiler
configure:6748: gcc -c   conftest.c >&5
configure:6748: $? = 0
configure:6757: result: yes
configure:6766: checking whether gcc accepts -g
configure:6786: gcc -c -g  conftest.c >&5
configure:6786: $? = 0
configure:6827: result: yes
configure:6844: checking for gcc option to accept ISO C89
configure:6907: gcc  -c -g -O2  conftest.c >&5
configure:6907: $? = 0
configure:6920: result: none needed
configure:6942: checking dependency style of gcc
configure:7053: result: gcc3
configure:7068: checking for a sed that does not truncate output
configure:7132: result: /usr/bin/sed
configure:7150: checking for grep that handles long lines and -e
configure:7208: result: /usr/bin/grep
configure:7213: checking for egrep
configure:7275: result: /usr/bin/grep -E
configure:7280: checking for fgrep
configure:7342: result: /usr/bin/grep -F
configure:7377: checking for ld used by gcc
configure:7444: result: /usr/bin/ld
configure:7451: checking if the linker (/usr/bin/ld) is GNU ld
configure:7466: result: no
configure:7478: checking for BSD- or MS-compatible name lister (nm)
configure:7527: result: /usr/bin/nm -B
configure:7657: checking the name lister (/usr/bin/nm -B) interface
configure:7664: c++ -c   conftest.cpp >&5
configure:7667: /usr/bin/nm -B "conftest.o"
configure:7670: output
0000000000000000 S _some_variable
configure:7677: result: BSD nm
configure:7680: checking whether ln -s works
configure:7684: result: yes
configure:7692: checking the maximum length of command line arguments
configure:7822: result: 196608
configure:7839: checking whether the shell understands some XSI constructs
configure:7849: result: yes
configure:7853: checking whether the shell understands "+="
configure:7859: result: yes
configure:7894: checking how to convert x86_64-apple-darwin19.4.0 file names to x86_64-apple-darwin19.4.0 format
configure:7934: result: func_convert_file_noop
configure:7941: checking how to convert x86_64-apple-darwin19.4.0 file names to toolchain format
configure:7961: result: func_convert_file_noop
configure:7968: checking for /usr/bin/ld option to reload object files
configure:7975: result: -r
configure:8049: checking for objdump
configure:8065: found /usr/bin/objdump
configure:8076: result: objdump
configure:8108: checking how to recognize dependent libraries
configure:8310: result: pass_all
configure:8395: checking for dlltool
configure:8425: result: no
configure:8455: checking how to associate runtime and link libraries
configure:8482: result: printf %s\n
configure:8543: checking for ar
configure:8559: found /usr/bin/ar
configure:8570: result: ar
configure:8607: checking for archiver @FILE support
configure:8624: c++ -c   conftest.cpp >&5
configure:8624: $? = 0
configure:8627: ar -cru libconftest.a @conftest.lst >&5
ar: @conftest.lst: No such file or directory
configure:8630: $? = 1
configure:8650: result: no
configure:8708: checking for strip
configure:8724: found /usr/bin/strip
configure:8735: result: strip
configure:8807: checking for ranlib
configure:8823: found /usr/bin/ranlib
configure:8834: result: ranlib
configure:8936: checking command to parse /usr/bin/nm -B output from gcc object
configure:9056: c++ -c   conftest.cpp >&5
configure:9059: $? = 0
configure:9063: /usr/bin/nm -B conftest.o \| sed -n -e 's/^.*[ ]\([BCDEGRST][BCDEGRST]*\)[ ][ ]*\([_A-Za-z][_A-Za-z0-9]*\)$/\1 \2 \2/p' | sed '/ __gnu_lto/d' \> conftest.nm
configure:9066: $? = 0
cannot find nm_test_var in conftest.nm
configure:9056: c++ -c   conftest.cpp >&5
configure:9059: $? = 0
configure:9063: /usr/bin/nm -B conftest.o \| sed -n -e 's/^.*[ ]\([BCDEGRST][BCDEGRST]*\)[ ][ ]*_\([_A-Za-z][_A-Za-z0-9]*\)$/\1 _\2 \2/p' | sed '/ __gnu_lto/d' \> conftest.nm
configure:9066: $? = 0
configure:9132: c++ -o conftest    conftest.cpp conftstm.o >&5
configure:9135: $? = 0
configure:9173: result: ok
configure:9210: checking for sysroot
configure:9240: result: no
configure:9497: checking for mt
configure:9527: result: no
configure:9547: checking if : is a manifest tool
configure:9553: : '-?'
configure:9561: result: no
configure:9617: checking for dsymutil
configure:9633: found /usr/bin/dsymutil
configure:9644: result: dsymutil
configure:9709: checking for nmedit
configure:9725: found /usr/bin/nmedit
configure:9736: result: nmedit
configure:9801: checking for lipo
configure:9817: found /usr/bin/lipo
configure:9828: result: lipo
configure:9893: checking for otool
configure:9909: found /usr/bin/otool
configure:9920: result: otool
configure:9985: checking for otool64
configure:10015: result: no
configure:10060: checking for -single_module linker flag
gcc -g -O2  -o libconftest.dylib -dynamiclib -Wl,-single_module conftest.c
configure:10093: result: yes
configure:10096: checking for -exported_symbols_list linker flag
configure:10116: c++ -o conftest    -Wl,-exported_symbols_list,conftest.sym conftest.cpp  >&5
configure:10116: $? = 0
configure:10126: result: yes
configure:10129: checking for -force_load linker flag
gcc -g -O2 -c -o conftest.o conftest.c
ar cru libconftest.a conftest.o
ranlib libconftest.a
gcc -g -O2  -o conftest conftest.c -Wl,-force_load,./libconftest.a
configure:10161: result: yes
configure:10203: checking how to run the C preprocessor
configure:10234: gcc -E  conftest.c
configure:10234: $? = 0
configure:10248: gcc -E  conftest.c
conftest.c:11:10: fatal error: ac_nonexistent.h: No such file or directory
 #include <ac_nonexistent.h>
          ^~~~~~~~~~~~~~~~~~
compilation terminated.
configure:10248: $? = 1
configure: failed program was:
| /* confdefs.h */
| #define PACKAGE_NAME "blitz"
| #define PACKAGE_TARNAME "blitz"
| #define PACKAGE_VERSION "0.10"
| #define PACKAGE_STRING "blitz 0.10"
| #define PACKAGE_BUGREPORT "blitz-support@lists.sourceforge.net"
| #define PACKAGE_URL ""
| #define PACKAGE "blitz"
| #define VERSION "0.10"
| /* end confdefs.h.  */
| #include <ac_nonexistent.h>
configure:10273: result: gcc -E
configure:10293: gcc -E  conftest.c
configure:10293: $? = 0
configure:10307: gcc -E  conftest.c
conftest.c:11:10: fatal error: ac_nonexistent.h: No such file or directory
 #include <ac_nonexistent.h>
          ^~~~~~~~~~~~~~~~~~
compilation terminated.
configure:10307: $? = 1
configure: failed program was:
| /* confdefs.h */
| #define PACKAGE_NAME "blitz"
| #define PACKAGE_TARNAME "blitz"
| #define PACKAGE_VERSION "0.10"
| #define PACKAGE_STRING "blitz 0.10"
| #define PACKAGE_BUGREPORT "blitz-support@lists.sourceforge.net"
| #define PACKAGE_URL ""
| #define PACKAGE "blitz"
| #define VERSION "0.10"
| /* end confdefs.h.  */
| #include <ac_nonexistent.h>
configure:10336: checking for ANSI C header files
configure:10356: gcc -c -g -O2  conftest.c >&5
configure:10356: $? = 0
configure:10429: gcc -o conftest -g -O2   conftest.c  >&5
configure:10429: $? = 0
configure:10429: ./conftest
configure:10429: $? = 0
configure:10440: result: yes
configure:10453: checking for sys/types.h
configure:10453: gcc -c -g -O2  conftest.c >&5
configure:10453: $? = 0
configure:10453: result: yes
configure:10453: checking for sys/stat.h
configure:10453: gcc -c -g -O2  conftest.c >&5
configure:10453: $? = 0
configure:10453: result: yes
configure:10453: checking for stdlib.h
configure:10453: gcc -c -g -O2  conftest.c >&5
configure:10453: $? = 0
configure:10453: result: yes
configure:10453: checking for string.h
configure:10453: gcc -c -g -O2  conftest.c >&5
configure:10453: $? = 0
configure:10453: result: yes
configure:10453: checking for memory.h
configure:10453: gcc -c -g -O2  conftest.c >&5
configure:10453: $? = 0
configure:10453: result: yes
configure:10453: checking for strings.h
configure:10453: gcc -c -g -O2  conftest.c >&5
configure:10453: $? = 0
configure:10453: result: yes
configure:10453: checking for inttypes.h
configure:10453: gcc -c -g -O2  conftest.c >&5
configure:10453: $? = 0
configure:10453: result: yes
configure:10453: checking for stdint.h
configure:10453: gcc -c -g -O2  conftest.c >&5
configure:10453: $? = 0
configure:10453: result: yes
configure:10453: checking for unistd.h
configure:10453: gcc -c -g -O2  conftest.c >&5
configure:10453: $? = 0
configure:10453: result: yes
configure:10467: checking for dlfcn.h
configure:10467: gcc -c -g -O2  conftest.c >&5
configure:10467: $? = 0
configure:10467: result: yes
configure:10653: checking for objdir
configure:10668: result: .libs
configure:10939: checking if gcc supports -fno-rtti -fno-exceptions
configure:10957: gcc -c -g -O2  -fno-rtti -fno-exceptions conftest.c >&5
cc1: warning: command line option '-fno-rtti' is valid for C++/ObjC++ but not for C
configure:10961: $? = 0
configure:10974: result: no
configure:11301: checking for gcc option to produce PIC
configure:11308: result: -fno-common -DPIC
configure:11316: checking if gcc PIC flag -fno-common -DPIC works
configure:11334: gcc -c -g -O2  -fno-common -DPIC -DPIC conftest.c >&5
configure:11338: $? = 0
configure:11351: result: yes
configure:11380: checking if gcc static flag -static works
configure:11408: result: no
configure:11423: checking if gcc supports -c -o file.o
configure:11444: gcc -c -g -O2  -o out/conftest2.o conftest.c >&5
configure:11448: $? = 0
configure:11470: result: yes
configure:11478: checking if gcc supports -c -o file.o
configure:11525: result: yes
configure:11558: checking whether the gcc linker (/usr/bin/ld) supports shared libraries
configure:12711: result: yes
configure:12951: checking dynamic linker characteristics
configure:13684: result: darwin19.4.0 dyld
configure:13791: checking how to hardcode library paths into programs
configure:13816: result: immediate
configure:14356: checking whether stripping libraries is possible
configure:14370: result: yes
configure:14396: checking if libtool supports shared libraries
configure:14398: result: yes
configure:14401: checking whether to build shared libraries
configure:14422: result: no
configure:14425: checking whether to build static libraries
configure:14429: result: yes
configure:14452: checking how to run the C++ preprocessor
configure:14479: c++ -E  conftest.cpp
configure:14479: $? = 0
configure:14493: c++ -E  conftest.cpp
conftest.cpp:23:10: fatal error: 'ac_nonexistent.h' file not found
#include <ac_nonexistent.h>
         ^~~~~~~~~~~~~~~~~~
1 error generated.
configure:14493: $? = 1
configure: failed program was:
| /* confdefs.h */
| #define PACKAGE_NAME "blitz"
| #define PACKAGE_TARNAME "blitz"
| #define PACKAGE_VERSION "0.10"
| #define PACKAGE_STRING "blitz 0.10"
| #define PACKAGE_BUGREPORT "blitz-support@lists.sourceforge.net"
| #define PACKAGE_URL ""
| #define PACKAGE "blitz"
| #define VERSION "0.10"
| #define STDC_HEADERS 1
| #define HAVE_SYS_TYPES_H 1
| #define HAVE_SYS_STAT_H 1
| #define HAVE_STDLIB_H 1
| #define HAVE_STRING_H 1
| #define HAVE_MEMORY_H 1
| #define HAVE_STRINGS_H 1
| #define HAVE_INTTYPES_H 1
| #define HAVE_STDINT_H 1
| #define HAVE_UNISTD_H 1
| #define HAVE_DLFCN_H 1
| #define LT_OBJDIR ".libs/"
| /* end confdefs.h.  */
| #include <ac_nonexistent.h>
configure:14518: result: c++ -E
configure:14538: c++ -E  conftest.cpp
configure:14538: $? = 0
configure:14552: c++ -E  conftest.cpp
conftest.cpp:23:10: fatal error: 'ac_nonexistent.h' file not found
#include <ac_nonexistent.h>
         ^~~~~~~~~~~~~~~~~~
1 error generated.
configure:14552: $? = 1
configure: failed program was:
| /* confdefs.h */
| #define PACKAGE_NAME "blitz"
| #define PACKAGE_TARNAME "blitz"
| #define PACKAGE_VERSION "0.10"
| #define PACKAGE_STRING "blitz 0.10"
| #define PACKAGE_BUGREPORT "blitz-support@lists.sourceforge.net"
| #define PACKAGE_URL ""
| #define PACKAGE "blitz"
| #define VERSION "0.10"
| #define STDC_HEADERS 1
| #define HAVE_SYS_TYPES_H 1
| #define HAVE_SYS_STAT_H 1
| #define HAVE_STDLIB_H 1
| #define HAVE_STRING_H 1
| #define HAVE_MEMORY_H 1
| #define HAVE_STRINGS_H 1
| #define HAVE_INTTYPES_H 1
| #define HAVE_STDINT_H 1
| #define HAVE_UNISTD_H 1
| #define HAVE_DLFCN_H 1
| #define LT_OBJDIR ".libs/"
| /* end confdefs.h.  */
| #include <ac_nonexistent.h>
configure:14721: checking for ld used by c++
configure:14788: result: /usr/bin/ld
configure:14795: checking if the linker (/usr/bin/ld) is GNU ld
configure:14810: result: no
configure:14865: checking whether the c++ linker (/usr/bin/ld) supports shared libraries
configure:15870: result: yes
configure:15906: c++ -c   conftest.cpp >&5
configure:15909: $? = 0
configure:16429: checking for c++ option to produce PIC
configure:16436: result: -fno-common -DPIC
configure:16444: checking if c++ PIC flag -fno-common -DPIC works
configure:16462: c++ -c   -fno-common -DPIC -DPIC conftest.cpp >&5
configure:16466: $? = 0
configure:16479: result: yes
configure:16502: checking if c++ static flag -static works
configure:16530: result: no
configure:16542: checking if c++ supports -c -o file.o
configure:16563: c++ -c   -o out/conftest2.o conftest.cpp >&5
configure:16567: $? = 0
configure:16589: result: yes
configure:16594: checking if c++ supports -c -o file.o
configure:16641: result: yes
configure:16671: checking whether the c++ linker (/usr/bin/ld) supports shared libraries
configure:16707: result: yes
configure:16848: checking dynamic linker characteristics
configure:17515: result: darwin19.4.0 dyld
configure:17568: checking how to hardcode library paths into programs
configure:17593: result: immediate
configure:17741: checking if libtool supports shared libraries
configure:17743: result: yes
configure:17746: checking whether to build shared libraries
configure:17766: result: no
configure:17769: checking whether to build static libraries
configure:17773: result: yes
configure:18094: checking for gfortran option to produce PIC
configure:18101: result: -fno-common
configure:18109: checking if gfortran PIC flag -fno-common works
configure:18127: gfortran -c -g -O2 -fno-common conftest.f >&5
configure:18131: $? = 0
configure:18144: result: yes
configure:18167: checking if gfortran static flag -static works
configure:18195: result: no
configure:18207: checking if gfortran supports -c -o file.o
configure:18228: gfortran -c -g -O2 -o out/conftest2.o conftest.f >&5
configure:18232: $? = 0
configure:18254: result: yes
configure:18259: checking if gfortran supports -c -o file.o
configure:18306: result: yes
configure:18336: checking whether the gfortran linker (/usr/bin/ld) supports shared libraries
configure:19439: result: yes
configure:19580: checking dynamic linker characteristics
configure:20241: result: darwin19.4.0 dyld
configure:20294: checking how to hardcode library paths into programs
configure:20319: result: immediate
configure:20463: checking if libtool supports shared libraries
configure:20465: result: yes
configure:20468: checking whether to build shared libraries
configure:20488: result: no
configure:20491: checking whether to build static libraries
configure:20495: result: yes
configure:20529: gfortran -c -g -O2 -ffree-form  conftest.f90 >&5
configure:20532: $? = 0
configure:20961: checking for gfortran option to produce PIC
configure:20968: result: -fno-common
configure:20976: checking if gfortran PIC flag -fno-common works
configure:20994: gfortran -c -g -O2 -ffree-form -fno-common  conftest.f90 >&5
configure:20998: $? = 0
configure:21011: result: yes
configure:21034: checking if gfortran static flag -static works
configure:21062: result: no
configure:21074: checking if gfortran supports -c -o file.o
configure:21095: gfortran -c -g -O2 -ffree-form -o out/conftest2.o  conftest.f90 >&5
configure:21099: $? = 0
configure:21121: result: yes
configure:21126: checking if gfortran supports -c -o file.o
configure:21173: result: yes
configure:21203: checking whether the gfortran linker (/usr/bin/ld) supports shared libraries
configure:22306: result: yes
configure:22447: checking dynamic linker characteristics
configure:23108: result: darwin19.4.0 dyld
configure:23161: checking how to hardcode library paths into programs
configure:23186: result: immediate
configure:23237: checking for sin
configure:23237: c++ -o conftest    conftest.cpp  >&5
configure:23237: $? = 0
configure:23237: result: yes
configure:23308:

Checking to see if there is a usable BLAS library kicking around...
(If so, Blitz++ will use BLAS library to run benchmarks against
if you build the benchmarks.  Blitz++ itself does NOT use BLAS).


configure:23320: checking for daxpy_ in -lblas
configure:23345: c++ -o conftest     conftest.cpp -lblas  -L. -L/Users/lyx/opt/lib -L/Users/lyx/opt/matio/lib -L/Applications/MATLAB_R2016a.app/extern/lib/maci64 -L/Applications/MATLAB_R2016a.app/sys/os/maci64 -L/Applications/MATLAB_R2016a.app/bin/maci64 -L/usr/local/Cellar/gcc/8.2.0/lib/gcc/8/gcc/x86_64-apple-darwin18.2.0/8.2.0 -L/usr/local/Cellar/gcc/8.2.0/lib/gcc/8/gcc/x86_64-apple-darwin18.2.0/8.2.0/../../.. -lgfortran -lquadmath -lm  >&5
configure:23345: $? = 0
configure:23354: result: yes
configure:23367: checking for daxpy in -lblas
configure:23392: c++ -o conftest     conftest.cpp -lblas  -L. -L/Users/lyx/opt/lib -L/Users/lyx/opt/matio/lib -L/Applications/MATLAB_R2016a.app/extern/lib/maci64 -L/Applications/MATLAB_R2016a.app/sys/os/maci64 -L/Applications/MATLAB_R2016a.app/bin/maci64 -L/usr/local/Cellar/gcc/8.2.0/lib/gcc/8/gcc/x86_64-apple-darwin18.2.0/8.2.0 -L/usr/local/Cellar/gcc/8.2.0/lib/gcc/8/gcc/x86_64-apple-darwin18.2.0/8.2.0/../../.. -lgfortran -lquadmath -lm  >&5
configure:23392: $? = 0
configure:23401: result: yes
configure:23414: checking for DAXPY in -lblas
configure:23439: c++ -o conftest     conftest.cpp -lblas  -L. -L/Users/lyx/opt/lib -L/Users/lyx/opt/matio/lib -L/Applications/MATLAB_R2016a.app/extern/lib/maci64 -L/Applications/MATLAB_R2016a.app/sys/os/maci64 -L/Applications/MATLAB_R2016a.app/bin/maci64 -L/usr/local/Cellar/gcc/8.2.0/lib/gcc/8/gcc/x86_64-apple-darwin18.2.0/8.2.0 -L/usr/local/Cellar/gcc/8.2.0/lib/gcc/8/gcc/x86_64-apple-darwin18.2.0/8.2.0/../../.. -lgfortran -lquadmath -lm  >&5
configure:23439: $? = 0
configure:23448: result: yes
configure:23461: checking for daxpy__ in -lblas
configure:23486: c++ -o conftest     conftest.cpp -lblas  -L. -L/Users/lyx/opt/lib -L/Users/lyx/opt/matio/lib -L/Applications/MATLAB_R2016a.app/extern/lib/maci64 -L/Applications/MATLAB_R2016a.app/sys/os/maci64 -L/Applications/MATLAB_R2016a.app/bin/maci64 -L/usr/local/Cellar/gcc/8.2.0/lib/gcc/8/gcc/x86_64-apple-darwin18.2.0/8.2.0 -L/usr/local/Cellar/gcc/8.2.0/lib/gcc/8/gcc/x86_64-apple-darwin18.2.0/8.2.0/../../.. -lgfortran -lquadmath -lm  >&5
Undefined symbols for architecture x86_64:
  "_daxpy__", referenced from:
      _main in conftest-4ac38e.o
ld: symbol(s) not found for architecture x86_64
clang: error: linker command failed with exit code 1 (use -v to see invocation)
configure:23486: $? = 1
configure: failed program was:
| /* confdefs.h */
| #define PACKAGE_NAME "blitz"
| #define PACKAGE_TARNAME "blitz"
| #define PACKAGE_VERSION "0.10"
| #define PACKAGE_STRING "blitz 0.10"
| #define PACKAGE_BUGREPORT "blitz-support@lists.sourceforge.net"
| #define PACKAGE_URL ""
| #define PACKAGE "blitz"
| #define VERSION "0.10"
| #define STDC_HEADERS 1
| #define HAVE_SYS_TYPES_H 1
| #define HAVE_SYS_STAT_H 1
| #define HAVE_STDLIB_H 1
| #define HAVE_STRING_H 1
| #define HAVE_MEMORY_H 1
| #define HAVE_STRINGS_H 1
| #define HAVE_INTTYPES_H 1
| #define HAVE_STDINT_H 1
| #define HAVE_UNISTD_H 1
| #define HAVE_DLFCN_H 1
| #define LT_OBJDIR ".libs/"
| /* end confdefs.h.  */
| 
| /* Override any GCC internal prototype to avoid an error.
|    Use char because int might match the return type of a GCC
|    builtin and then its argument prototype would still apply.  */
| #ifdef __cplusplus
| extern "C"
| #endif
| char daxpy__ ();
| int
| main ()
| {
| return daxpy__ ();
|   ;
|   return 0;
| }
configure:23495: result: no
configure:23516: checking whether to enable c++ optimization flags
configure:23526: result: no
configure:23534: checking whether to enable c++ debug flags
configure:23544: result: no
configure:23552: checking whether to enable Blitz thread-safety features
configure:23562: result: no
configure:23570: checking if we are using Intel Threading Building Blocks
configure:23600: checking whether to enable Blitz 64-bit dimensions
configure:23619:

C++ compiler (c++  ) characteristics


configure:23665:

Checking major C++ language features


configure:23672: checking whether the compiler implements namespaces
configure:23695: c++ -c   conftest.cpp >&5
configure:23695: $? = 0
configure:23709: result: yes
configure:23717: checking whether the compiler supports exceptions
configure:23740: c++ -c   conftest.cpp >&5
configure:23740: $? = 0
configure:23754: result: yes
configure:23762: checking whether the compiler supports Run-Time Type Identification
configure:23797: c++ -c   conftest.cpp >&5
configure:23797: $? = 0
configure:23811: result: yes
configure:23819: checking whether the compiler supports member constants
configure:23842: c++ -c   conftest.cpp >&5
configure:23842: $? = 0
configure:23856: result: yes
configure:23864: checking whether the compiler accepts the old for scoping rules
configure:23887: c++ -c   conftest.cpp >&5
conftest.cpp:36:41: error: use of undeclared identifier 'i'
int z;for (int i=0; i < 10; ++i)z=z+i;z=i;return z;
                                        ^
1 error generated.
configure:23887: $? = 1
configure: failed program was:
| /* confdefs.h */
| #define PACKAGE_NAME "blitz"
| #define PACKAGE_TARNAME "blitz"
| #define PACKAGE_VERSION "0.10"
| #define PACKAGE_STRING "blitz 0.10"
| #define PACKAGE_BUGREPORT "blitz-support@lists.sourceforge.net"
| #define PACKAGE_URL ""
| #define PACKAGE "blitz"
| #define VERSION "0.10"
| #define STDC_HEADERS 1
| #define HAVE_SYS_TYPES_H 1
| #define HAVE_SYS_STAT_H 1
| #define HAVE_STDLIB_H 1
| #define HAVE_STRING_H 1
| #define HAVE_MEMORY_H 1
| #define HAVE_STRINGS_H 1
| #define HAVE_INTTYPES_H 1
| #define HAVE_STDINT_H 1
| #define HAVE_UNISTD_H 1
| #define HAVE_DLFCN_H 1
| #define LT_OBJDIR ".libs/"
| #define _compiler_name "c++"
| #define _compiler_options ""
| #define _os_name "Darwin MBP-2018-lyx.local 19.4.0 Darwin Kernel Version 19.4.0: Wed Mar  4 22:28:40 PST 2020; root:xnu-6153.101.6~15/RELEASE_X86_64 x86_64"
| #define _config_date "Thu Jul 23 22:46:04 CST 2020"
| #define _platform "x86_64-apple-darwin19.4.0"
| #define HAVE_NAMESPACES /**/
| #define HAVE_EXCEPTIONS /**/
| #define HAVE_RTTI /**/
| #define HAVE_MEMBER_CONSTANTS /**/
| /* end confdefs.h.  */
| 
| int
| main ()
| {
| int z;for (int i=0; i < 10; ++i)z=z+i;z=i;return z;
|   ;
|   return 0;
| }
configure:23901: result: no
configure:23914:

Now for some of the new keywords


configure:23921: checking whether the compiler supports the explicit keyword
configure:23944: c++ -c   conftest.cpp >&5
configure:23944: $? = 0
configure:23958: result: yes
configure:23966: checking whether the compiler supports the mutable keyword
configure:23994: c++ -c   conftest.cpp >&5
configure:23994: $? = 0
configure:24008: result: yes
configure:24016: checking whether the compiler recognizes typename
configure:24039: c++ -c   conftest.cpp >&5
configure:24039: $? = 0
configure:24053: result: yes
configure:24061: checking whether the compiler supports the Numerical C Extensions Group restrict keyword
configure:24091: c++ -c   conftest.cpp >&5
conftest.cpp:36:40: error: expected ')'
void add(int length, double * restrict a,
                                       ^
conftest.cpp:36:9: note: to match this '('
void add(int length, double * restrict a,
        ^
conftest.cpp:38:34: error: use of undeclared identifier 'a'
{ for (int i=0; i < length; ++i) a[i] = b[i] + c[i]; }
                                 ^
conftest.cpp:38:41: error: use of undeclared identifier 'b'
{ for (int i=0; i < length; ++i) a[i] = b[i] + c[i]; }
                                        ^
conftest.cpp:38:48: error: use of undeclared identifier 'c'
{ for (int i=0; i < length; ++i) a[i] = b[i] + c[i]; }
                                               ^
conftest.cpp:45:1: error: no matching function for call to 'add'
add(10,a,b,c);
^~~
conftest.cpp:36:6: note: candidate function not viable: requires 2 arguments, but 4 were provided
void add(int length, double * restrict a,
     ^
5 errors generated.
configure:24091: $? = 1
configure: failed program was:
| /* confdefs.h */
| #define PACKAGE_NAME "blitz"
| #define PACKAGE_TARNAME "blitz"
| #define PACKAGE_VERSION "0.10"
| #define PACKAGE_STRING "blitz 0.10"
| #define PACKAGE_BUGREPORT "blitz-support@lists.sourceforge.net"
| #define PACKAGE_URL ""
| #define PACKAGE "blitz"
| #define VERSION "0.10"
| #define STDC_HEADERS 1
| #define HAVE_SYS_TYPES_H 1
| #define HAVE_SYS_STAT_H 1
| #define HAVE_STDLIB_H 1
| #define HAVE_STRING_H 1
| #define HAVE_MEMORY_H 1
| #define HAVE_STRINGS_H 1
| #define HAVE_INTTYPES_H 1
| #define HAVE_STDINT_H 1
| #define HAVE_UNISTD_H 1
| #define HAVE_DLFCN_H 1
| #define LT_OBJDIR ".libs/"
| #define _compiler_name "c++"
| #define _compiler_options ""
| #define _os_name "Darwin MBP-2018-lyx.local 19.4.0 Darwin Kernel Version 19.4.0: Wed Mar  4 22:28:40 PST 2020; root:xnu-6153.101.6~15/RELEASE_X86_64 x86_64"
| #define _config_date "Thu Jul 23 22:46:04 CST 2020"
| #define _platform "x86_64-apple-darwin19.4.0"
| #define HAVE_NAMESPACES /**/
| #define HAVE_EXCEPTIONS /**/
| #define HAVE_RTTI /**/
| #define HAVE_MEMBER_CONSTANTS /**/
| #define HAVE_EXPLICIT /**/
| #define HAVE_MUTABLE /**/
| #define HAVE_TYPENAME /**/
| /* end confdefs.h.  */
| 
| void add(int length, double * restrict a,
|          const double * restrict b, const double * restrict c)
| { for (int i=0; i < length; ++i) a[i] = b[i] + c[i]; }
| 
| int
| main ()
| {
| double a[10], b[10], c[10];
| for (int i=0; i < 10; ++i) { a[i] = 0.0; b[i] = 0.0; c[i] = 0.0; }
| add(10,a,b,c);
| return 0;
|   ;
|   return 0;
| }
configure:24105: result: no
configure:24113: checking whether the compiler recognizes the '__restrict__' keyword
configure:24143: c++ -c   conftest.cpp >&5
configure:24143: $? = 0
configure:24157: result: yes
configure:24165: checking whether the compiler recognizes bool as a built-in type
configure:24192: c++ -c   conftest.cpp >&5
configure:24192: $? = 0
configure:24206: result: yes
configure:24220:

Does your compiler understand the newfangled casting syntax?


configure:24227: checking whether the compiler supports const_cast<>
configure:24250: c++ -c   conftest.cpp >&5
configure:24250: $? = 0
configure:24264: result: yes
configure:24272: checking whether the compiler supports static_cast<>
configure:24299: c++ -c   conftest.cpp >&5
configure:24299: $? = 0
configure:24313: result: yes
configure:24321: checking whether the compiler supports reinterpret_cast<>
configure:24349: c++ -c   conftest.cpp >&5
configure:24349: $? = 0
configure:24363: result: yes
configure:24371: checking whether the compiler supports dynamic_cast<>
configure:24397: c++ -c   conftest.cpp >&5
configure:24397: $? = 0
configure:24411: result: yes
configure:24426:

Okay, now the important stuff -- templates


configure:24433: checking whether the compiler supports basic templates
configure:24458: c++ -c   conftest.cpp >&5
configure:24458: $? = 0
configure:24472: result: yes
configure:24480: checking whether the compiler supports partial specialization
configure:24507: c++ -c   conftest.cpp >&5
configure:24507: $? = 0
configure:24521: result: yes
configure:24529: checking whether the compiler supports partial ordering
configure:24558: c++ -c   conftest.cpp >&5
configure:24558: $? = 0
configure:24572: result: yes
configure:24580: checking whether the compiler supports default template parameters
configure:24605: c++ -c   conftest.cpp >&5
configure:24605: $? = 0
configure:24619: result: yes
configure:24627: checking whether the compiler supports member templates
configure:24654: c++ -c   conftest.cpp >&5
configure:24654: $? = 0
configure:24668: result: yes
configure:24676: checking whether the compiler supports member templates outside the class declaration
configure:24706: c++ -c   conftest.cpp >&5
configure:24706: $? = 0
configure:24720: result: yes
configure:24728: checking whether the compiler recognizes the full specialization syntax
configure:24754: c++ -c   conftest.cpp >&5
configure:24754: $? = 0
configure:24768: result: yes
configure:24776: checking whether the compiler supports function templates with non-type parameters
configure:24802: c++ -c   conftest.cpp >&5
configure:24802: $? = 0
configure:24816: result: yes
configure:24824: checking whether the compiler supports template-qualified base class specifiers
configure:24865: c++ -c   conftest.cpp >&5
configure:24865: $? = 0
configure:24879: result: yes
configure:24887: checking whether the compiler supports template-qualified return types
configure:24921: c++ -c   conftest.cpp >&5
configure:24921: $? = 0
configure:24935: result: yes
configure:24943: checking whether the compiler supports explicit template function qualification
configure:24969: c++ -c   conftest.cpp >&5
configure:24969: $? = 0
configure:24983: result: yes
configure:24991: checking whether the compiler supports templates as template arguments
configure:25018: c++ -c   conftest.cpp >&5
configure:25018: $? = 0
configure:25032: result: yes
configure:25040: checking whether the compiler supports use of the template keyword as a qualifier
configure:25075: c++ -c   conftest.cpp >&5
configure:25075: $? = 0
configure:25089: result: yes
configure:25097: checking whether the compiler supports function matching with argument types which are template scope-qualified
configure:25128: c++ -c   conftest.cpp >&5
configure:25128: $? = 0
configure:25142: result: yes
configure:25150: checking whether the compiler will support the vector type promotion mechanism
configure:25187: c++ -c   conftest.cpp >&5
configure:25187: $? = 0
configure:25201: result: yes
configure:25209: checking whether the compiler supports numeric traits promotions
configure:25242: c++ -c   conftest.cpp >&5
configure:25242: $? = 0
configure:25256: result: yes
configure:25264: checking whether the compiler handle computations inside an enum
configure:25298: c++ -c   conftest.cpp >&5
configure:25298: $? = 0
configure:25312: result: yes
configure:25320: checking whether the compiler handles (int) casts in enum computations
configure:25354: c++ -c   conftest.cpp >&5
configure:25354: $? = 0
configure:25368: result: yes
configure:25383:

Which library features does your compiler provide?


configure:25390: checking whether the compiler has complex<T>
configure:25417: c++ -c   conftest.cpp >&5
configure:25417: $? = 0
configure:25431: result: yes
configure:25439: checking whether the compiler has standard complex<T> functions
configure:25468: c++ -c   conftest.cpp >&5
configure:25468: $? = 0
configure:25482: result: yes
configure:25499: checking cstring usability
configure:25499: c++ -c   conftest.cpp >&5
configure:25499: $? = 0
configure:25499: result: yes
configure:25499: checking cstring presence
configure:25499: c++ -E  conftest.cpp
configure:25499: $? = 0
configure:25499: result: yes
configure:25499: checking for cstring
configure:25499: result: yes
configure:25516: checking whether the compiler has numeric_limits<T>
configure:25543: c++ -c   conftest.cpp >&5
configure:25543: $? = 0
configure:25557: result: yes
configure:25565: checking whether the compiler has <climits> header
configure:25588: c++ -c   conftest.cpp >&5
configure:25588: $? = 0
configure:25602: result: yes
configure:25610: checking whether the compiler has valarray<T>
configure:25637: c++ -c   conftest.cpp >&5
configure:25637: $? = 0
configure:25651: result: yes
configure:25659: checking whether the compiler has complex math functions
configure:25691: c++ -o conftest    conftest.cpp  -lm >&5
configure:25691: $? = 0
configure:25707: result: yes
configure:25715: checking whether the compiler has more complex math functions
configure:25746: c++ -o conftest    conftest.cpp  -lm >&5
conftest.cpp:74:28: error: no matching function for call to 'atan2'
acos(x); asin(x); atan(x); atan2(x,y); atan2(x, double(3.0));
                           ^~~~~
/Applications/Xcode.app/Contents/Developer/Platforms/MacOSX.platform/Developer/SDKs/MacOSX.sdk/usr/include/math.h:321:15: note: candidate function not viable: no known conversion from 'complex<double>' to 'double' for 1st argument
extern double atan2(double, double);
              ^
/Applications/Xcode.app/Contents/Developer/Toolchains/XcodeDefault.xctoolchain/usr/bin/../include/c++/v1/math.h:810:46: note: candidate function not viable: no known conversion from 'complex<double>' to 'float' for 1st argument
inline _LIBCPP_INLINE_VISIBILITY float       atan2(float __lcpp_y, float __lcpp_x) _NOEXCEPT             {return ::atan2f(__lcpp_y, __lcpp_x);}
                                             ^
/Applications/Xcode.app/Contents/Developer/Toolchains/XcodeDefault.xctoolchain/usr/bin/../include/c++/v1/math.h:811:46: note: candidate function not viable: no known conversion from 'complex<double>' to 'long double' for 1st argument
inline _LIBCPP_INLINE_VISIBILITY long double atan2(long double __lcpp_y, long double __lcpp_x) _NOEXCEPT {return ::atan2l(__lcpp_y, __lcpp_x);}
                                             ^
/Applications/Xcode.app/Contents/Developer/Toolchains/XcodeDefault.xctoolchain/usr/bin/../include/c++/v1/math.h:822:1: note: candidate template ignored: substitution failure [with _A1 = std::__1::complex<double>, _A2 = std::__1::complex<double>]: no type named 'type' in 'std::__1::__lazy_enable_if<false, std::__1::__promote<std::__1::complex<double>, std::__1::complex<double>, void> >'
atan2(_A1 __lcpp_y, _A2 __lcpp_x) _NOEXCEPT
^
conftest.cpp:74:40: error: no matching function for call to 'atan2'
acos(x); asin(x); atan(x); atan2(x,y); atan2(x, double(3.0));
                                       ^~~~~
/Applications/Xcode.app/Contents/Developer/Platforms/MacOSX.platform/Developer/SDKs/MacOSX.sdk/usr/include/math.h:321:15: note: candidate function not viable: no known conversion from 'complex<double>' to 'double' for 1st argument
extern double atan2(double, double);
              ^
/Applications/Xcode.app/Contents/Developer/Toolchains/XcodeDefault.xctoolchain/usr/bin/../include/c++/v1/math.h:810:46: note: candidate function not viable: no known conversion from 'complex<double>' to 'float' for 1st argument
inline _LIBCPP_INLINE_VISIBILITY float       atan2(float __lcpp_y, float __lcpp_x) _NOEXCEPT             {return ::atan2f(__lcpp_y, __lcpp_x);}
                                             ^
/Applications/Xcode.app/Contents/Developer/Toolchains/XcodeDefault.xctoolchain/usr/bin/../include/c++/v1/math.h:811:46: note: candidate function not viable: no known conversion from 'complex<double>' to 'long double' for 1st argument
inline _LIBCPP_INLINE_VISIBILITY long double atan2(long double __lcpp_y, long double __lcpp_x) _NOEXCEPT {return ::atan2l(__lcpp_y, __lcpp_x);}
                                             ^
/Applications/Xcode.app/Contents/Developer/Toolchains/XcodeDefault.xctoolchain/usr/bin/../include/c++/v1/math.h:822:1: note: candidate template ignored: substitution failure [with _A1 = std::__1::complex<double>, _A2 = double]: no type named 'type' in 'std::__1::__lazy_enable_if<false, std::__1::__promote<std::__1::complex<double>, double, void> >'
atan2(_A1 __lcpp_y, _A2 __lcpp_x) _NOEXCEPT
^
conftest.cpp:75:1: error: no matching function for call to 'atan2'
atan2(double(3.0), x); log10(x); return 0;
^~~~~
/Applications/Xcode.app/Contents/Developer/Platforms/MacOSX.platform/Developer/SDKs/MacOSX.sdk/usr/include/math.h:321:15: note: candidate function not viable: no known conversion from 'complex<double>' to 'double' for 2nd argument
extern double atan2(double, double);
              ^
/Applications/Xcode.app/Contents/Developer/Toolchains/XcodeDefault.xctoolchain/usr/bin/../include/c++/v1/math.h:810:46: note: candidate function not viable: no known conversion from 'complex<double>' to 'float' for 2nd argument
inline _LIBCPP_INLINE_VISIBILITY float       atan2(float __lcpp_y, float __lcpp_x) _NOEXCEPT             {return ::atan2f(__lcpp_y, __lcpp_x);}
                                             ^
/Applications/Xcode.app/Contents/Developer/Toolchains/XcodeDefault.xctoolchain/usr/bin/../include/c++/v1/math.h:811:46: note: candidate function not viable: no known conversion from 'complex<double>' to 'long double' for 2nd argument
inline _LIBCPP_INLINE_VISIBILITY long double atan2(long double __lcpp_y, long double __lcpp_x) _NOEXCEPT {return ::atan2l(__lcpp_y, __lcpp_x);}
                                             ^
/Applications/Xcode.app/Contents/Developer/Toolchains/XcodeDefault.xctoolchain/usr/bin/../include/c++/v1/math.h:822:1: note: candidate template ignored: substitution failure [with _A1 = double, _A2 = std::__1::complex<double>]: no type named 'type' in 'std::__1::__lazy_enable_if<false, std::__1::__promote<double, std::__1::complex<double>, void> >'
atan2(_A1 __lcpp_y, _A2 __lcpp_x) _NOEXCEPT
^
3 errors generated.
configure:25746: $? = 1
configure: failed program was:
| /* confdefs.h */
| #define PACKAGE_NAME "blitz"
| #define PACKAGE_TARNAME "blitz"
| #define PACKAGE_VERSION "0.10"
| #define PACKAGE_STRING "blitz 0.10"
| #define PACKAGE_BUGREPORT "blitz-support@lists.sourceforge.net"
| #define PACKAGE_URL ""
| #define PACKAGE "blitz"
| #define VERSION "0.10"
| #define STDC_HEADERS 1
| #define HAVE_SYS_TYPES_H 1
| #define HAVE_SYS_STAT_H 1
| #define HAVE_STDLIB_H 1
| #define HAVE_STRING_H 1
| #define HAVE_MEMORY_H 1
| #define HAVE_STRINGS_H 1
| #define HAVE_INTTYPES_H 1
| #define HAVE_STDINT_H 1
| #define HAVE_UNISTD_H 1
| #define HAVE_DLFCN_H 1
| #define LT_OBJDIR ".libs/"
| #define _compiler_name "c++"
| #define _compiler_options ""
| #define _os_name "Darwin MBP-2018-lyx.local 19.4.0 Darwin Kernel Version 19.4.0: Wed Mar  4 22:28:40 PST 2020; root:xnu-6153.101.6~15/RELEASE_X86_64 x86_64"
| #define _config_date "Thu Jul 23 22:46:04 CST 2020"
| #define _platform "x86_64-apple-darwin19.4.0"
| #define HAVE_NAMESPACES /**/
| #define HAVE_EXCEPTIONS /**/
| #define HAVE_RTTI /**/
| #define HAVE_MEMBER_CONSTANTS /**/
| #define HAVE_EXPLICIT /**/
| #define HAVE_MUTABLE /**/
| #define HAVE_TYPENAME /**/
| #define HAVE_NCEG_RESTRICT_EGCS /**/
| #define HAVE_BOOL /**/
| #define HAVE_CONST_CAST /**/
| #define HAVE_STATIC_CAST /**/
| #define HAVE_REINTERPRET_CAST /**/
| #define HAVE_DYNAMIC_CAST /**/
| #define HAVE_TEMPLATES /**/
| #define HAVE_PARTIAL_SPECIALIZATION /**/
| #define HAVE_PARTIAL_ORDERING /**/
| #define HAVE_DEFAULT_TEMPLATE_PARAMETERS /**/
| #define HAVE_MEMBER_TEMPLATES /**/
| #define HAVE_MEMBER_TEMPLATES_OUTSIDE_CLASS /**/
| #define HAVE_FULL_SPECIALIZATION_SYNTAX /**/
| #define HAVE_FUNCTION_NONTYPE_PARAMETERS /**/
| #define HAVE_TEMPLATE_QUALIFIED_BASE_CLASS /**/
| #define HAVE_TEMPLATE_QUALIFIED_RETURN_TYPE /**/
| #define HAVE_EXPLICIT_TEMPLATE_FUNCTION_QUALIFICATION /**/
| #define HAVE_TEMPLATES_AS_TEMPLATE_ARGUMENTS /**/
| #define HAVE_TEMPLATE_KEYWORD_QUALIFIER /**/
| #define HAVE_TEMPLATE_SCOPED_ARGUMENT_MATCHING /**/
| #define HAVE_TYPE_PROMOTION /**/
| #define HAVE_USE_NUMTRAIT /**/
| #define HAVE_ENUM_COMPUTATIONS /**/
| #define HAVE_ENUM_COMPUTATIONS_WITH_CAST /**/
| #define HAVE_COMPLEX /**/
| #define HAVE_COMPLEX_FCNS /**/
| #define HAVE_CSTRING 1
| #define HAVE_NUMERIC_LIMITS /**/
| #define HAVE_CLIMITS /**/
| #define HAVE_VALARRAY /**/
| #define HAVE_COMPLEX_MATH1 /**/
| /* end confdefs.h.  */
| #include <complex>
| #ifdef HAVE_NAMESPACES
| using namespace std;
| #endif
| int
| main ()
| {
| complex<double> x(1.0, 1.0), y(1.0, 1.0);
| acos(x); asin(x); atan(x); atan2(x,y); atan2(x, double(3.0));
| atan2(double(3.0), x); log10(x); return 0;
|   ;
|   return 0;
| }
configure:25762: result: no
configure:25770: checking whether the compiler supports IEEE math library
configure:25817: c++ -o conftest    conftest.cpp  -lm >&5
conftest.cpp:81:1: warning: ignoring return value of function declared with const attribute [-Wunused-value]
acosh(x); asinh(x); atanh(x); cbrt(x); expm1(x); erf(x); erfc(x); isnan(x);
^~~~~ ~
conftest.cpp:81:11: warning: ignoring return value of function declared with const attribute [-Wunused-value]
acosh(x); asinh(x); atanh(x); cbrt(x); expm1(x); erf(x); erfc(x); isnan(x);
          ^~~~~ ~
conftest.cpp:81:21: warning: ignoring return value of function declared with const attribute [-Wunused-value]
acosh(x); asinh(x); atanh(x); cbrt(x); expm1(x); erf(x); erfc(x); isnan(x);
                    ^~~~~ ~
conftest.cpp:81:31: warning: ignoring return value of function declared with const attribute [-Wunused-value]
acosh(x); asinh(x); atanh(x); cbrt(x); expm1(x); erf(x); erfc(x); isnan(x);
                              ^~~~ ~
conftest.cpp:81:40: warning: ignoring return value of function declared with const attribute [-Wunused-value]
acosh(x); asinh(x); atanh(x); cbrt(x); expm1(x); erf(x); erfc(x); isnan(x);
                                       ^~~~~ ~
conftest.cpp:81:50: warning: ignoring return value of function declared with const attribute [-Wunused-value]
acosh(x); asinh(x); atanh(x); cbrt(x); expm1(x); erf(x); erfc(x); isnan(x);
                                                 ^~~ ~
conftest.cpp:81:58: warning: ignoring return value of function declared with const attribute [-Wunused-value]
acosh(x); asinh(x); atanh(x); cbrt(x); expm1(x); erf(x); erfc(x); isnan(x);
                                                         ^~~~ ~
conftest.cpp:82:24: warning: ignoring return value of function declared with const attribute [-Wunused-value]
j0(x); j1(x); jn(i,x); ilogb(x); logb(x); log1p(x); rint(x);
                       ^~~~~ ~
conftest.cpp:82:34: warning: ignoring return value of function declared with const attribute [-Wunused-value]
j0(x); j1(x); jn(i,x); ilogb(x); logb(x); log1p(x); rint(x);
                                 ^~~~ ~
conftest.cpp:82:43: warning: ignoring return value of function declared with const attribute [-Wunused-value]
j0(x); j1(x); jn(i,x); ilogb(x); logb(x); log1p(x); rint(x);
                                          ^~~~~ ~
conftest.cpp:82:53: warning: ignoring return value of function declared with const attribute [-Wunused-value]
j0(x); j1(x); jn(i,x); ilogb(x); logb(x); log1p(x); rint(x);
                                                    ^~~~ ~
conftest.cpp:88:1: warning: 'gamma' is deprecated: first deprecated in macOS 10.9 [-Wdeprecated-declarations]
gamma(x);
^~~~~
tgamma
/Applications/Xcode.app/Contents/Developer/Platforms/MacOSX.platform/Developer/SDKs/MacOSX.sdk/usr/include/math.h:752:15: note: 'gamma' has been explicitly marked deprecated here
extern double gamma(double)
              ^
conftest.cpp:91:1: warning: ignoring return value of function declared with const attribute [-Wunused-value]
hypot(x,y); nextafter(x,y); remainder(x,y); scalb(x,y);
^~~~~ ~~~
conftest.cpp:91:13: warning: ignoring return value of function declared with const attribute [-Wunused-value]
hypot(x,y); nextafter(x,y); remainder(x,y); scalb(x,y);
            ^~~~~~~~~ ~~~
conftest.cpp:91:29: warning: ignoring return value of function declared with const attribute [-Wunused-value]
hypot(x,y); nextafter(x,y); remainder(x,y); scalb(x,y);
                            ^~~~~~~~~ ~~~
15 warnings generated.
configure:25817: $? = 0
configure:25833: result: yes
configure:25841: checking whether the compiler supports System V math library
configure:25879: c++ -o conftest    conftest.cpp  -lm >&5
conftest.cpp:82:1: error: use of undeclared identifier '_class'
_class(x); trunc(x); finite(x); itrunc(x); nearest(x); rsqrt(x); uitrunc(x);
^
conftest.cpp:82:12: warning: ignoring return value of function declared with const attribute [-Wunused-value]
_class(x); trunc(x); finite(x); itrunc(x); nearest(x); rsqrt(x); uitrunc(x);
           ^~~~~ ~
conftest.cpp:82:22: warning: 'finite' is deprecated: first deprecated in macOS 10.9 - Use `isfinite((double)x)` instead. [-Wdeprecated-declarations]
_class(x); trunc(x); finite(x); itrunc(x); nearest(x); rsqrt(x); uitrunc(x);
                     ^
/Applications/Xcode.app/Contents/Developer/Platforms/MacOSX.platform/Developer/SDKs/MacOSX.sdk/usr/include/math.h:749:12: note: 'finite' has been explicitly marked deprecated here
extern int finite(double)
           ^
conftest.cpp:82:22: warning: ignoring return value of function declared with const attribute [-Wunused-value]
_class(x); trunc(x); finite(x); itrunc(x); nearest(x); rsqrt(x); uitrunc(x);
                     ^~~~~~ ~
conftest.cpp:82:33: error: use of undeclared identifier 'itrunc'; did you mean 'trunc'?
_class(x); trunc(x); finite(x); itrunc(x); nearest(x); rsqrt(x); uitrunc(x);
                                ^~~~~~
                                trunc
/Applications/Xcode.app/Contents/Developer/Platforms/MacOSX.platform/Developer/SDKs/MacOSX.sdk/usr/include/math.h:496:15: note: 'trunc' declared here
extern double trunc(double);
              ^
conftest.cpp:82:33: warning: ignoring return value of function declared with const attribute [-Wunused-value]
_class(x); trunc(x); finite(x); itrunc(x); nearest(x); rsqrt(x); uitrunc(x);
                                ^~~~~~ ~
conftest.cpp:82:44: error: use of undeclared identifier 'nearest'
_class(x); trunc(x); finite(x); itrunc(x); nearest(x); rsqrt(x); uitrunc(x);
                                           ^
conftest.cpp:82:56: error: use of undeclared identifier 'rsqrt'; did you mean 'sqrt'?
_class(x); trunc(x); finite(x); itrunc(x); nearest(x); rsqrt(x); uitrunc(x);
                                                       ^~~~~
                                                       sqrt
/Applications/Xcode.app/Contents/Developer/Platforms/MacOSX.platform/Developer/SDKs/MacOSX.sdk/usr/include/math.h:433:15: note: 'sqrt' declared here
extern double sqrt(double);
              ^
conftest.cpp:82:56: warning: ignoring return value of function declared with const attribute [-Wunused-value]
_class(x); trunc(x); finite(x); itrunc(x); nearest(x); rsqrt(x); uitrunc(x);
                                                       ^~~~~ ~
conftest.cpp:82:66: error: use of undeclared identifier 'uitrunc'; did you mean 'trunc'?
_class(x); trunc(x); finite(x); itrunc(x); nearest(x); rsqrt(x); uitrunc(x);
                                                                 ^~~~~~~
                                                                 trunc
/Applications/Xcode.app/Contents/Developer/Platforms/MacOSX.platform/Developer/SDKs/MacOSX.sdk/usr/include/math.h:496:15: note: 'trunc' declared here
extern double trunc(double);
              ^
conftest.cpp:82:66: warning: ignoring return value of function declared with const attribute [-Wunused-value]
_class(x); trunc(x); finite(x); itrunc(x); nearest(x); rsqrt(x); uitrunc(x);
                                                                 ^~~~~~~ ~
conftest.cpp:83:1: warning: ignoring return value of function declared with const attribute [-Wunused-value]
copysign(x,y); drem(x,y); unordered(x,y);
^~~~~~~~ ~~~
conftest.cpp:83:16: warning: 'drem' is deprecated: first deprecated in macOS 10.9 [-Wdeprecated-declarations]
copysign(x,y); drem(x,y); unordered(x,y);
               ^~~~
               remainder
/Applications/Xcode.app/Contents/Developer/Platforms/MacOSX.platform/Developer/SDKs/MacOSX.sdk/usr/include/math.h:746:15: note: 'drem' has been explicitly marked deprecated here
extern double drem(double, double)
              ^
conftest.cpp:83:27: error: use of undeclared identifier 'unordered'; did you mean 'isunordered'?
copysign(x,y); drem(x,y); unordered(x,y);
                          ^~~~~~~~~
                          isunordered
/Applications/Xcode.app/Contents/Developer/Toolchains/XcodeDefault.xctoolchain/usr/bin/../include/c++/v1/math.h:747:1: note: 'isunordered' declared here
isunordered(_A1 __lcpp_x, _A2 __lcpp_y) _NOEXCEPT
^
8 warnings and 6 errors generated.
configure:25879: $? = 1
configure: failed program was:
| /* confdefs.h */
| #define PACKAGE_NAME "blitz"
| #define PACKAGE_TARNAME "blitz"
| #define PACKAGE_VERSION "0.10"
| #define PACKAGE_STRING "blitz 0.10"
| #define PACKAGE_BUGREPORT "blitz-support@lists.sourceforge.net"
| #define PACKAGE_URL ""
| #define PACKAGE "blitz"
| #define VERSION "0.10"
| #define STDC_HEADERS 1
| #define HAVE_SYS_TYPES_H 1
| #define HAVE_SYS_STAT_H 1
| #define HAVE_STDLIB_H 1
| #define HAVE_STRING_H 1
| #define HAVE_MEMORY_H 1
| #define HAVE_STRINGS_H 1
| #define HAVE_INTTYPES_H 1
| #define HAVE_STDINT_H 1
| #define HAVE_UNISTD_H 1
| #define HAVE_DLFCN_H 1
| #define LT_OBJDIR ".libs/"
| #define _compiler_name "c++"
| #define _compiler_options ""
| #define _os_name "Darwin MBP-2018-lyx.local 19.4.0 Darwin Kernel Version 19.4.0: Wed Mar  4 22:28:40 PST 2020; root:xnu-6153.101.6~15/RELEASE_X86_64 x86_64"
| #define _config_date "Thu Jul 23 22:46:04 CST 2020"
| #define _platform "x86_64-apple-darwin19.4.0"
| #define HAVE_NAMESPACES /**/
| #define HAVE_EXCEPTIONS /**/
| #define HAVE_RTTI /**/
| #define HAVE_MEMBER_CONSTANTS /**/
| #define HAVE_EXPLICIT /**/
| #define HAVE_MUTABLE /**/
| #define HAVE_TYPENAME /**/
| #define HAVE_NCEG_RESTRICT_EGCS /**/
| #define HAVE_BOOL /**/
| #define HAVE_CONST_CAST /**/
| #define HAVE_STATIC_CAST /**/
| #define HAVE_REINTERPRET_CAST /**/
| #define HAVE_DYNAMIC_CAST /**/
| #define HAVE_TEMPLATES /**/
| #define HAVE_PARTIAL_SPECIALIZATION /**/
| #define HAVE_PARTIAL_ORDERING /**/
| #define HAVE_DEFAULT_TEMPLATE_PARAMETERS /**/
| #define HAVE_MEMBER_TEMPLATES /**/
| #define HAVE_MEMBER_TEMPLATES_OUTSIDE_CLASS /**/
| #define HAVE_FULL_SPECIALIZATION_SYNTAX /**/
| #define HAVE_FUNCTION_NONTYPE_PARAMETERS /**/
| #define HAVE_TEMPLATE_QUALIFIED_BASE_CLASS /**/
| #define HAVE_TEMPLATE_QUALIFIED_RETURN_TYPE /**/
| #define HAVE_EXPLICIT_TEMPLATE_FUNCTION_QUALIFICATION /**/
| #define HAVE_TEMPLATES_AS_TEMPLATE_ARGUMENTS /**/
| #define HAVE_TEMPLATE_KEYWORD_QUALIFIER /**/
| #define HAVE_TEMPLATE_SCOPED_ARGUMENT_MATCHING /**/
| #define HAVE_TYPE_PROMOTION /**/
| #define HAVE_USE_NUMTRAIT /**/
| #define HAVE_ENUM_COMPUTATIONS /**/
| #define HAVE_ENUM_COMPUTATIONS_WITH_CAST /**/
| #define HAVE_COMPLEX /**/
| #define HAVE_COMPLEX_FCNS /**/
| #define HAVE_CSTRING 1
| #define HAVE_NUMERIC_LIMITS /**/
| #define HAVE_CLIMITS /**/
| #define HAVE_VALARRAY /**/
| #define HAVE_COMPLEX_MATH1 /**/
| #define HAVE_IEEE_MATH /**/
| /* end confdefs.h.  */
| 
| #ifndef _ALL_SOURCE
|  #define _ALL_SOURCE
| #endif
| #ifndef _XOPEN_SOURCE
|  #define _XOPEN_SOURCE
| #endif
| #ifndef _XOPEN_SOURCE_EXTENDED
|  #define _XOPEN_SOURCE_EXTENDED 1
| #endif
| #include <math.h>
| int
| main ()
| {
| double x = 1.0; double y = 1.0;
| _class(x); trunc(x); finite(x); itrunc(x); nearest(x); rsqrt(x); uitrunc(x);
| copysign(x,y); drem(x,y); unordered(x,y);
| return 0;
|   ;
|   return 0;
| }
configure:25895: result: no
configure:25903: checking whether the compiler has C math functions in namespace std
configure:25929: c++ -c   conftest.cpp >&5
configure:25929: $? = 0
configure:25943: result: yes
configure:25951: checking whether the compiler has C math abs(integer type) in namespace std
configure:25977: c++ -c   conftest.cpp >&5
configure:25977: $? = 0
configure:25991: result: yes
configure:25999: checking whether complex math functions are in namespace std
configure:26028: c++ -c   conftest.cpp >&5
configure:26028: $? = 0
configure:26042: result: yes
configure:26050: checking whether the compiler has isnan function in namespace std
configure:26076: c++ -c   conftest.cpp >&5
configure:26076: $? = 0
configure:26090: result: yes
configure:26098: checking whether the compiler supports ISO C++ standard library
configure:26128: c++ -c   conftest.cpp >&5
configure:26128: $? = 0
configure:26142: result: yes
configure:26150: checking whether the compiler supports Standard Template Library
configure:26179: c++ -c   conftest.cpp >&5
configure:26179: $? = 0
configure:26193: result: yes
configure:26201: checking whether the compiler has getrusage() function
configure:26225: c++ -c   conftest.cpp >&5
configure:26225: $? = 0
configure:26239: result: yes
configure:26273:

CXX                = c++
CXXFLAGS           = 
CXX_OPTIMIZE_FLAGS = -O3 -funroll-loops -fstrict-aliasing -fomit-frame-pointer -ffast-math -DUSE_LIBBLAS -DUSE_LIBBLAS -DUSE_LIBBLAS
CXX_DEBUG_FLAGS    = -g -DBZ_DEBUG
CXXFFLAGS          = -DBZ_FORTRAN_SYMBOLS_CAPS

F77                = gfortran
FFLAGS             = -g -O2
F77_OPTIMIZE_FLAGS = 
FLIBS              =  -L. -L/Users/lyx/opt/lib -L/Users/lyx/opt/matio/lib -L/Applications/MATLAB_R2016a.app/extern/lib/maci64 -L/Applications/MATLAB_R2016a.app/sys/os/maci64 -L/Applications/MATLAB_R2016a.app/bin/maci64 -L/usr/local/Cellar/gcc/8.2.0/lib/gcc/8/gcc/x86_64-apple-darwin18.2.0/8.2.0 -L/usr/local/Cellar/gcc/8.2.0/lib/gcc/8/gcc/x86_64-apple-darwin18.2.0/8.2.0/../../.. -lgfortran -lquadmath -lm

FC                 = gfortran
FCFLAGS            = -g -O2 -ffree-form
FC_OPTIMIZE_FLAGS  = 
FCLIBS             =  -L. -L/Users/lyx/opt/lib -L/Users/lyx/opt/matio/lib -L/Applications/MATLAB_R2016a.app/extern/lib/maci64 -L/Applications/MATLAB_R2016a.app/sys/os/maci64 -L/Applications/MATLAB_R2016a.app/bin/maci64 -L/usr/local/Cellar/gcc/8.2.0/lib/gcc/8/gcc/x86_64-apple-darwin18.2.0/8.2.0 -L/usr/local/Cellar/gcc/8.2.0/lib/gcc/8/gcc/x86_64-apple-darwin18.2.0/8.2.0/../../.. -lgfortran -lquadmath -lm

BLASLIB            = -lblas


configure:26309: checking for valgrind
configure:26339: result: no
configure:26367: checking our pkgconfig libname
configure:26375: result: blitz
configure:26378: checking our pkgconfig version
configure:26386: result: 0.10
configure:26389: checking our pkgconfig_libdir
configure:26396: result: ${libdir}/pkgconfig
configure:26399: result: expanded our pkgconfig_libdir... /Users/lyx/SynologyDrive/Develop/lib/pkgconfig
configure:26403: checking our pkgconfig_libfile
configure:26409: result: blitz.pc
configure:26416: checking our pkgconfig description
configure:26423: result: blitz Library
configure:26426: checking our pkgconfig requires
configure:26431: result: 
configure:26434: checking our pkgconfig ext libs
configure:26441: result: -lblitz
configure:26444: checking our pkgconfig cppflags
configure:26449: result: 
configure:26476: result: noninstalled pkgconfig -L /Users/lyx/SynologyDrive/Develop/blitz-1946604d4724/src/.libs
configure:26498: result: noninstalled pkgconfig -I /Users/lyx/SynologyDrive/Develop/blitz-1946604d4724/.
configure:26614: checking that generated files are newer than configure
configure:26620: result: done
configure:26675: creating ./config.status

## ---------------------- ##
## Running config.status. ##
## ---------------------- ##

This file was extended by blitz config.status 0.10, which was
generated by GNU Autoconf 2.69.  Invocation command line was

  CONFIG_FILES    = 
  CONFIG_HEADERS  = 
  CONFIG_LINKS    = 
  CONFIG_COMMANDS = 
  $ ./config.status 

on MBP-2018-lyx.local

config.status:1404: creating Makefile
config.status:1404: creating bin/Makefile
config.status:1404: creating blitz/Makefile
config.status:1404: creating blitz/array/Makefile
config.status:1404: creating blitz/generate/Makefile
config.status:1404: creating blitz/meta/Makefile
config.status:1404: creating random/Makefile
config.status:1404: creating lib/Makefile
config.status:1404: creating testsuite/Makefile
config.status:1404: creating examples/Makefile
config.status:1404: creating doc/Makefile
config.status:1404: creating doc/examples/Makefile
config.status:1404: creating doc/stencils/Makefile
config.status:1404: creating doc/doxygen/Makefile
config.status:1404: creating doc/doxygen/Doxyfile
config.status:1404: creating benchmarks/Makefile
config.status:1404: creating benchmarks/plot_benchmarks.m
config.status:1404: creating blitz/config.h
config.status:1633: executing depfiles commands
config.status:1633: executing blitz/gnu/bzconfig.h commands
config.status:2209: creating blitz/gnu/bzconfig.h - prefix BZ for blitz/config.h defines
config.status:1633: executing libtool commands
config.status:1633: executing blitz.pc commands
config.status:4002: creating blitz.pc.in
config.status:4019: creating blitz.pc
config.status:4036: creating blitz-uninstalled.pc
configure:30949:

The configure script has generated makefiles for your platform.
You have several options now:

  make lib              Check the compiler and create libblitz.a
  make check-testsuite  Build and check the testsuite
  make check-examples   Build and check the examples
  make check-benchmarks Build and check the benchmarks (takes a long time)
  make install          Install Blitz++
  make info             Build Blitz++ texinfo documentation
  make ps               Build Blitz++ ps documentation
  make pdf              Build Blitz++ pdf documentation
  make html             Build Blitz++ html documentation
  make install-info     Install Blitz++ texinfo documentation
  make install-ps       Install Blitz++ ps documentation
  make install-pdf      Install Blitz++ pdf documentation
  make install-html     Install Blitz++ html documentation




## ---------------- ##
## Cache variables. ##
## ---------------- ##

ac_cv_build=x86_64-apple-darwin19.4.0
ac_cv_c_compiler_gnu=yes
ac_cv_cxx_bool=yes
ac_cv_cxx_compiler_gnu=yes
ac_cv_cxx_complex_math_in_namespace_std=yes
ac_cv_cxx_const_cast=yes
ac_cv_cxx_default_template_parameters=yes
ac_cv_cxx_dynamic_cast=yes
ac_cv_cxx_enum_computations=yes
ac_cv_cxx_enum_computations_with_cast=yes
ac_cv_cxx_exceptions=yes
ac_cv_cxx_explicit=yes
ac_cv_cxx_explicit_template_function_qualification=yes
ac_cv_cxx_full_specialization_syntax=yes
ac_cv_cxx_function_nontype_parameters=yes
ac_cv_cxx_have_climits=yes
ac_cv_cxx_have_complex=yes
ac_cv_cxx_have_complex_fcns=yes
ac_cv_cxx_have_complex_math1=yes
ac_cv_cxx_have_complex_math2=no
ac_cv_cxx_have_ieee_math=yes
ac_cv_cxx_have_numeric_limits=yes
ac_cv_cxx_have_rusage=yes
ac_cv_cxx_have_std=yes
ac_cv_cxx_have_stl=yes
ac_cv_cxx_have_system_v_math=no
ac_cv_cxx_have_valarray=yes
ac_cv_cxx_isnan_std=yes
ac_cv_cxx_mathabsint_std=yes
ac_cv_cxx_mathfn_std=yes
ac_cv_cxx_member_constants=yes
ac_cv_cxx_member_templates=yes
ac_cv_cxx_member_templates_outside_class=yes
ac_cv_cxx_mutable=yes
ac_cv_cxx_namespaces=yes
ac_cv_cxx_nceg_restrict=no
ac_cv_cxx_nceg_restrict_egcs=yes
ac_cv_cxx_old_for_scoping=no
ac_cv_cxx_partial_ordering=yes
ac_cv_cxx_partial_specialization=yes
ac_cv_cxx_reinterpret_cast=yes
ac_cv_cxx_rtti=yes
ac_cv_cxx_static_cast=yes
ac_cv_cxx_template_keyword_qualifier=yes
ac_cv_cxx_template_qualified_base_class=yes
ac_cv_cxx_template_qualified_return_type=yes
ac_cv_cxx_template_scoped_argument_matching=yes
ac_cv_cxx_templates=yes
ac_cv_cxx_templates_as_template_arguments=yes
ac_cv_cxx_type_promotion=yes
ac_cv_cxx_typename=yes
ac_cv_cxx_use_numtrait=yes
ac_cv_env_CCC_set=
ac_cv_env_CCC_value=
ac_cv_env_CC_set=
ac_cv_env_CC_value=
ac_cv_env_CFLAGS_set=
ac_cv_env_CFLAGS_value=
ac_cv_env_COMPILER_SPECIFIC_HEADER_set=
ac_cv_env_COMPILER_SPECIFIC_HEADER_value=
ac_cv_env_CPPFLAGS_set=
ac_cv_env_CPPFLAGS_value=
ac_cv_env_CPP_set=
ac_cv_env_CPP_value=
ac_cv_env_CXXCPP_set=
ac_cv_env_CXXCPP_value=
ac_cv_env_CXXFCFLAG_set=
ac_cv_env_CXXFCFLAG_value=
ac_cv_env_CXXFFLAGS_set=
ac_cv_env_CXXFFLAGS_value=
ac_cv_env_CXXFLAGS_set=
ac_cv_env_CXXFLAGS_value=
ac_cv_env_CXX_DEBUG_FLAGS_set=
ac_cv_env_CXX_DEBUG_FLAGS_value=
ac_cv_env_CXX_OPTIMIZE_FLAGS_set=
ac_cv_env_CXX_OPTIMIZE_FLAGS_value=
ac_cv_env_CXX_set=
ac_cv_env_CXX_value=
ac_cv_env_F77_OPTIMIZE_FLAGS_set=
ac_cv_env_F77_OPTIMIZE_FLAGS_value=
ac_cv_env_F77_set=
ac_cv_env_F77_value=
ac_cv_env_FCFLAGS_set=
ac_cv_env_FCFLAGS_value=
ac_cv_env_FC_OPTIMIZE_FLAGS_set=
ac_cv_env_FC_OPTIMIZE_FLAGS_value=
ac_cv_env_FC_set=
ac_cv_env_FC_value=
ac_cv_env_FFLAGS_set=
ac_cv_env_FFLAGS_value=
ac_cv_env_LDFLAGS_set=
ac_cv_env_LDFLAGS_value=
ac_cv_env_LIBS_set=
ac_cv_env_LIBS_value=
ac_cv_env_build_alias_set=
ac_cv_env_build_alias_value=
ac_cv_env_host_alias_set=
ac_cv_env_host_alias_value=
ac_cv_env_target_alias_set=
ac_cv_env_target_alias_value=
ac_cv_f77_compiler_gnu=yes
ac_cv_f77_libs=' -L. -L/Users/lyx/opt/lib -L/Users/lyx/opt/matio/lib -L/Applications/MATLAB_R2016a.app/extern/lib/maci64 -L/Applications/MATLAB_R2016a.app/sys/os/maci64 -L/Applications/MATLAB_R2016a.app/bin/maci64 -L/usr/local/Cellar/gcc/8.2.0/lib/gcc/8/gcc/x86_64-apple-darwin18.2.0/8.2.0 -L/usr/local/Cellar/gcc/8.2.0/lib/gcc/8/gcc/x86_64-apple-darwin18.2.0/8.2.0/../../.. -lgfortran -lquadmath -lm'
ac_cv_fc_compiler_gnu=yes
ac_cv_fc_freeform=-ffree-form
ac_cv_fc_libs=' -L. -L/Users/lyx/opt/lib -L/Users/lyx/opt/matio/lib -L/Applications/MATLAB_R2016a.app/extern/lib/maci64 -L/Applications/MATLAB_R2016a.app/sys/os/maci64 -L/Applications/MATLAB_R2016a.app/bin/maci64 -L/usr/local/Cellar/gcc/8.2.0/lib/gcc/8/gcc/x86_64-apple-darwin18.2.0/8.2.0 -L/usr/local/Cellar/gcc/8.2.0/lib/gcc/8/gcc/x86_64-apple-darwin18.2.0/8.2.0/../../.. -lgfortran -lquadmath -lm'
ac_cv_fc_srcext_f90=none
ac_cv_func_sin=yes
ac_cv_header_cstring=yes
ac_cv_header_dlfcn_h=yes
ac_cv_header_inttypes_h=yes
ac_cv_header_memory_h=yes
ac_cv_header_stdc=yes
ac_cv_header_stdint_h=yes
ac_cv_header_stdlib_h=yes
ac_cv_header_string_h=yes
ac_cv_header_strings_h=yes
ac_cv_header_sys_stat_h=yes
ac_cv_header_sys_types_h=yes
ac_cv_header_unistd_h=yes
ac_cv_host=x86_64-apple-darwin19.4.0
ac_cv_lib_blas_DAXPY=yes
ac_cv_lib_blas_daxpy=yes
ac_cv_lib_blas_daxpy_=yes
ac_cv_lib_blas_daxpy__=no
ac_cv_objext=o
ac_cv_path_EGREP='/usr/bin/grep -E'
ac_cv_path_FGREP='/usr/bin/grep -F'
ac_cv_path_GREP=/usr/bin/grep
ac_cv_path_SED=/usr/bin/sed
ac_cv_path_install='/usr/local/bin/ginstall -c'
ac_cv_path_mkdir=/usr/local/bin/gmkdir
ac_cv_prog_AWK=awk
ac_cv_prog_CPP='gcc -E'
ac_cv_prog_CXXCPP='c++ -E'
ac_cv_prog_MAKEINFO='${SHELL} /Users/lyx/SynologyDrive/Develop/blitz-1946604d4724/config/missing makeinfo'
ac_cv_prog_ac_ct_AR=ar
ac_cv_prog_ac_ct_CC=gcc
ac_cv_prog_ac_ct_CXX=c++
ac_cv_prog_ac_ct_DSYMUTIL=dsymutil
ac_cv_prog_ac_ct_F77=gfortran
ac_cv_prog_ac_ct_FC=gfortran
ac_cv_prog_ac_ct_LIPO=lipo
ac_cv_prog_ac_ct_NMEDIT=nmedit
ac_cv_prog_ac_ct_OBJDUMP=objdump
ac_cv_prog_ac_ct_OTOOL=otool
ac_cv_prog_ac_ct_RANLIB=ranlib
ac_cv_prog_ac_ct_STRIP=strip
ac_cv_prog_cc_c89=
ac_cv_prog_cc_g=yes
ac_cv_prog_cxx_g=yes
ac_cv_prog_f77_g=yes
ac_cv_prog_f77_v=-v
ac_cv_prog_fc_g=yes
ac_cv_prog_fc_v=-v
ac_cv_prog_make_make_set=yes
ac_cv_target=x86_64-apple-darwin19.4.0
am_cv_CC_dependencies_compiler_type=gcc3
am_cv_CXX_dependencies_compiler_type=gcc3
am_cv_make_support_nested_variables=yes
lt_cv_apple_cc_single_mod=yes
lt_cv_ar_at_file=no
lt_cv_deplibs_check_method=pass_all
lt_cv_file_magic_cmd='$MAGIC_CMD'
lt_cv_file_magic_test_file=
lt_cv_ld_exported_symbols_list=yes
lt_cv_ld_force_load=yes
lt_cv_ld_reload_flag=-r
lt_cv_nm_interface='BSD nm'
lt_cv_objdir=.libs
lt_cv_path_LD=/usr/bin/ld
lt_cv_path_LDCXX=/usr/bin/ld
lt_cv_path_NM='/usr/bin/nm -B'
lt_cv_path_mainfest_tool=no
lt_cv_prog_compiler_c_o=yes
lt_cv_prog_compiler_c_o_CXX=yes
lt_cv_prog_compiler_c_o_F77=yes
lt_cv_prog_compiler_c_o_FC=yes
lt_cv_prog_compiler_pic='-fno-common -DPIC'
lt_cv_prog_compiler_pic_CXX='-fno-common -DPIC'
lt_cv_prog_compiler_pic_F77=-fno-common
lt_cv_prog_compiler_pic_FC=-fno-common
lt_cv_prog_compiler_pic_works=yes
lt_cv_prog_compiler_pic_works_CXX=yes
lt_cv_prog_compiler_pic_works_F77=yes
lt_cv_prog_compiler_pic_works_FC=yes
lt_cv_prog_compiler_rtti_exceptions=no
lt_cv_prog_compiler_static_works=no
lt_cv_prog_compiler_static_works_CXX=no
lt_cv_prog_compiler_static_works_F77=no
lt_cv_prog_compiler_static_works_FC=no
lt_cv_prog_gnu_ld=no
lt_cv_prog_gnu_ldcxx=no
lt_cv_sharedlib_from_linklib_cmd='printf %s\n'
lt_cv_sys_global_symbol_pipe='sed -n -e '\''s/^.*[	 ]\([BCDEGRST][BCDEGRST]*\)[	 ][	 ]*_\([_A-Za-z][_A-Za-z0-9]*\)$/\1 _\2 \2/p'\'' | sed '\''/ __gnu_lto/d'\'''
lt_cv_sys_global_symbol_to_c_name_address='sed -n -e '\''s/^: \([^ ]*\)[ ]*$/  {\"\1\", (void *) 0},/p'\'' -e '\''s/^[BCDEGRST]* \([^ ]*\) \([^ ]*\)$/  {"\2", (void *) \&\2},/p'\'''
lt_cv_sys_global_symbol_to_c_name_address_lib_prefix='sed -n -e '\''s/^: \([^ ]*\)[ ]*$/  {\"\1\", (void *) 0},/p'\'' -e '\''s/^[BCDEGRST]* \([^ ]*\) \(lib[^ ]*\)$/  {"\2", (void *) \&\2},/p'\'' -e '\''s/^[BCDEGRST]* \([^ ]*\) \([^ ]*\)$/  {"lib\2", (void *) \&\2},/p'\'''
lt_cv_sys_global_symbol_to_cdecl='sed -n -e '\''s/^T .* \(.*\)$/extern int \1();/p'\'' -e '\''s/^[BCDEGRST]* .* \(.*\)$/extern char \1;/p'\'''
lt_cv_sys_max_cmd_len=196608
lt_cv_to_host_file_cmd=func_convert_file_noop
lt_cv_to_tool_file_cmd=func_convert_file_noop

## ----------------- ##
## Output variables. ##
## ----------------- ##

ACLOCAL='${SHELL} /Users/lyx/SynologyDrive/Develop/blitz-1946604d4724/config/missing aclocal-1.13'
AMDEPBACKSLASH='\'
AMDEP_FALSE='#'
AMDEP_TRUE=''
AMTAR='$${TAR-tar}'
AM_BACKSLASH='\'
AM_DEFAULT_V='$(AM_DEFAULT_VERBOSITY)'
AM_DEFAULT_VERBOSITY='1'
AM_V='$(V)'
AR='ar'
AR_FLAGS='-cru'
AUTOCONF='${SHELL} /Users/lyx/SynologyDrive/Develop/blitz-1946604d4724/config/missing autoconf'
AUTOHEADER='${SHELL} /Users/lyx/SynologyDrive/Develop/blitz-1946604d4724/config/missing autoheader'
AUTOMAKE='${SHELL} /Users/lyx/SynologyDrive/Develop/blitz-1946604d4724/config/missing automake-1.13'
AWK='awk'
BLASLIB='-lblas'
CC='gcc'
CCDEPMODE='depmode=gcc3'
CFLAGS='-g -O2'
COMPILER_SPECIFIC_HEADER='gnu/bzconfig.h'
CPP='gcc -E'
CPPFLAGS=''
CXX='c++'
CXXCPP='c++ -E'
CXXDEPMODE='depmode=gcc3'
CXXFCFLAG='-DFORTRAN_90 '
CXXFFLAGS='-DBZ_FORTRAN_SYMBOLS_CAPS'
CXXFLAGS=''
CXX_DEBUG_FLAGS='-g -DBZ_DEBUG'
CXX_LIBS=''
CXX_OPTIMIZE_FLAGS='-O3 -funroll-loops -fstrict-aliasing -fomit-frame-pointer -ffast-math -DUSE_LIBBLAS -DUSE_LIBBLAS -DUSE_LIBBLAS'
CXX_PROFIL_FLAGS='-pg'
CYGPATH_W='echo'
DATE='Thu Jul 23 22:46:04 CST 2020'
DEFS='-DHAVE_CONFIG_H'
DEPDIR='.deps'
DLLTOOL='false'
DOT=''
DOXYGEN=''
DOXYGEN_DOC_FALSE=''
DOXYGEN_DOC_TRUE='#'
DSYMUTIL='dsymutil'
DUMPBIN=''
ECHO_C='\c'
ECHO_N=''
ECHO_T=''
EGREP='/usr/bin/grep -E'
EXEEXT=''
F77='gfortran'
F77_OPTIMIZE_FLAGS=''
F90_COMPILER_FALSE='#'
F90_COMPILER_TRUE=''
FC='gfortran'
FCFLAGS='-g -O2 -ffree-form'
FCFLAGS_f90=''
FCLIBS=' -L. -L/Users/lyx/opt/lib -L/Users/lyx/opt/matio/lib -L/Applications/MATLAB_R2016a.app/extern/lib/maci64 -L/Applications/MATLAB_R2016a.app/sys/os/maci64 -L/Applications/MATLAB_R2016a.app/bin/maci64 -L/usr/local/Cellar/gcc/8.2.0/lib/gcc/8/gcc/x86_64-apple-darwin18.2.0/8.2.0 -L/usr/local/Cellar/gcc/8.2.0/lib/gcc/8/gcc/x86_64-apple-darwin18.2.0/8.2.0/../../.. -lgfortran -lquadmath -lm'
FC_OPTIMIZE_FLAGS=''
FFLAGS='-g -O2'
FGREP='/usr/bin/grep -F'
FLIBS=' -L. -L/Users/lyx/opt/lib -L/Users/lyx/opt/matio/lib -L/Applications/MATLAB_R2016a.app/extern/lib/maci64 -L/Applications/MATLAB_R2016a.app/sys/os/maci64 -L/Applications/MATLAB_R2016a.app/bin/maci64 -L/usr/local/Cellar/gcc/8.2.0/lib/gcc/8/gcc/x86_64-apple-darwin18.2.0/8.2.0 -L/usr/local/Cellar/gcc/8.2.0/lib/gcc/8/gcc/x86_64-apple-darwin18.2.0/8.2.0/../../.. -lgfortran -lquadmath -lm'
FORTRAN_ENABLED_FALSE='#'
FORTRAN_ENABLED_TRUE=''
GREP='/usr/bin/grep'
HAVE_VALGRIND_FALSE=''
HAVE_VALGRIND_TRUE='#'
INSTALL_DATA='${INSTALL} -m 644'
INSTALL_PROGRAM='${INSTALL}'
INSTALL_SCRIPT='${INSTALL}'
INSTALL_STRIP_PROGRAM='$(install_sh) -c -s'
LD='/usr/bin/ld'
LDFLAGS=''
LIBOBJS=''
LIBS=''
LIBTOOL='$(SHELL) $(top_builddir)/libtool'
LIPO='lipo'
LN_S='ln -s'
LTLIBOBJS=''
MAINT='#'
MAINTAINER_MODE_FALSE=''
MAINTAINER_MODE_TRUE='#'
MAKEINFO='${SHELL} /Users/lyx/SynologyDrive/Develop/blitz-1946604d4724/config/missing makeinfo'
MAKEINFO_DOC_FALSE='#'
MAKEINFO_DOC_TRUE=''
MANIFEST_TOOL=':'
MKDIR_P='/usr/local/bin/gmkdir -p'
NM='/usr/bin/nm -B'
NMEDIT='nmedit'
OBJDUMP='objdump'
OBJEXT='o'
OS='Darwin MBP-2018-lyx.local 19.4.0 Darwin Kernel Version 19.4.0: Wed Mar  4 22:28:40 PST 2020; root:xnu-6153.101.6~15/RELEASE_X86_64 x86_64'
OTOOL64=':'
OTOOL='otool'
PACKAGE='blitz'
PACKAGE_BUGREPORT='blitz-support@lists.sourceforge.net'
PACKAGE_NAME='blitz'
PACKAGE_STRING='blitz 0.10'
PACKAGE_TARNAME='blitz'
PACKAGE_URL=''
PACKAGE_VERSION='0.10'
PATH_SEPARATOR=':'
RANLIB='ranlib'
SED='/usr/bin/sed'
SET_MAKE=''
SHELL='/bin/sh'
STRIP='strip'
TEXI2HTML=''
TEXI2HTML_DOC_FALSE=''
TEXI2HTML_DOC_TRUE='#'
VERSION='0.10'
ac_ct_AR='ar'
ac_ct_CC='gcc'
ac_ct_CXX='c++'
ac_ct_DUMPBIN=''
ac_ct_F77='gfortran'
ac_ct_FC='gfortran'
am__EXEEXT_FALSE=''
am__EXEEXT_TRUE='#'
am__fastdepCC_FALSE='#'
am__fastdepCC_TRUE=''
am__fastdepCXX_FALSE='#'
am__fastdepCXX_TRUE=''
am__include='include'
am__isrc=''
am__leading_dot='.'
am__nodep='_no'
am__quote=''
am__tar='$${TAR-tar} chof - "$$tardir"'
am__untar='$${TAR-tar} xf -'
bindir='${exec_prefix}/bin'
build='x86_64-apple-darwin19.4.0'
build_alias=''
build_cpu='x86_64'
build_os='darwin19.4.0'
build_vendor='apple'
datadir='${datarootdir}'
datarootdir='${prefix}/share'
docdir='${datarootdir}/doc/${PACKAGE_TARNAME}'
dvidir='${docdir}'
enable_dot='no'
enable_html_docs='yes'
enable_latex_docs='no'
exec_prefix='${prefix}'
host='x86_64-apple-darwin19.4.0'
host_alias=''
host_cpu='x86_64'
host_os='darwin19.4.0'
host_vendor='apple'
htmldir='${docdir}'
includedir='${prefix}/include'
infodir='${datarootdir}/info'
install_sh='${SHELL} /Users/lyx/SynologyDrive/Develop/blitz-1946604d4724/config/install-sh'
libdir='${exec_prefix}/lib'
libexecdir='${exec_prefix}/libexec'
localedir='${datarootdir}/locale'
localstatedir='${prefix}/var'
mandir='${datarootdir}/man'
mkdir_p='$(MKDIR_P)'
oldincludedir='/usr/include'
pdfdir='${docdir}'
pkgconfig_libdir='${libdir}/pkgconfig'
pkgconfig_libfile='blitz.pc'
prefix='/Users/lyx/SynologyDrive/Develop'
program_transform_name='s,x,x,'
psdir='${docdir}'
sbindir='${exec_prefix}/sbin'
sharedstatedir='${prefix}/com'
sysconfdir='${prefix}/etc'
target='x86_64-apple-darwin19.4.0'
target_alias=''
target_cpu='x86_64'
target_os='darwin19.4.0'
target_vendor='apple'
valgrind=''

## ----------- ##
## confdefs.h. ##
## ----------- ##

/* confdefs.h */
#define PACKAGE_NAME "blitz"
#define PACKAGE_TARNAME "blitz"
#define PACKAGE_VERSION "0.10"
#define PACKAGE_STRING "blitz 0.10"
#define PACKAGE_BUGREPORT "blitz-support@lists.sourceforge.net"
#define PACKAGE_URL ""
#define PACKAGE "blitz"
#define VERSION "0.10"
#define STDC_HEADERS 1
#define HAVE_SYS_TYPES_H 1
#define HAVE_SYS_STAT_H 1
#define HAVE_STDLIB_H 1
#define HAVE_STRING_H 1
#define HAVE_MEMORY_H 1
#define HAVE_STRINGS_H 1
#define HAVE_INTTYPES_H 1
#define HAVE_STDINT_H 1
#define HAVE_UNISTD_H 1
#define HAVE_DLFCN_H 1
#define LT_OBJDIR ".libs/"
#define _compiler_name "c++"
#define _compiler_options ""
#define _os_name "Darwin MBP-2018-lyx.local 19.4.0 Darwin Kernel Version 19.4.0: Wed Mar  4 22:28:40 PST 2020; root:xnu-6153.101.6~15/RELEASE_X86_64 x86_64"
#define _config_date "Thu Jul 23 22:46:04 CST 2020"
#define _platform "x86_64-apple-darwin19.4.0"
#define HAVE_NAMESPACES /**/
#define HAVE_EXCEPTIONS /**/
#define HAVE_RTTI /**/
#define HAVE_MEMBER_CONSTANTS /**/
#define HAVE_EXPLICIT /**/
#define HAVE_MUTABLE /**/
#define HAVE_TYPENAME /**/
#define HAVE_NCEG_RESTRICT_EGCS /**/
#define HAVE_BOOL /**/
#define HAVE_CONST_CAST /**/
#define HAVE_STATIC_CAST /**/
#define HAVE_REINTERPRET_CAST /**/
#define HAVE_DYNAMIC_CAST /**/
#define HAVE_TEMPLATES /**/
#define HAVE_PARTIAL_SPECIALIZATION /**/
#define HAVE_PARTIAL_ORDERING /**/
#define HAVE_DEFAULT_TEMPLATE_PARAMETERS /**/
#define HAVE_MEMBER_TEMPLATES /**/
#define HAVE_MEMBER_TEMPLATES_OUTSIDE_CLASS /**/
#define HAVE_FULL_SPECIALIZATION_SYNTAX /**/
#define HAVE_FUNCTION_NONTYPE_PARAMETERS /**/
#define HAVE_TEMPLATE_QUALIFIED_BASE_CLASS /**/
#define HAVE_TEMPLATE_QUALIFIED_RETURN_TYPE /**/
#define HAVE_EXPLICIT_TEMPLATE_FUNCTION_QUALIFICATION /**/
#define HAVE_TEMPLATES_AS_TEMPLATE_ARGUMENTS /**/
#define HAVE_TEMPLATE_KEYWORD_QUALIFIER /**/
#define HAVE_TEMPLATE_SCOPED_ARGUMENT_MATCHING /**/
#define HAVE_TYPE_PROMOTION /**/
#define HAVE_USE_NUMTRAIT /**/
#define HAVE_ENUM_COMPUTATIONS /**/
#define HAVE_ENUM_COMPUTATIONS_WITH_CAST /**/
#define HAVE_COMPLEX /**/
#define HAVE_COMPLEX_FCNS /**/
#define HAVE_CSTRING 1
#define HAVE_NUMERIC_LIMITS /**/
#define HAVE_CLIMITS /**/
#define HAVE_VALARRAY /**/
#define HAVE_COMPLEX_MATH1 /**/
#define HAVE_IEEE_MATH /**/
#define MATH_FN_IN_NAMESPACE_STD /**/
#define MATH_ABSINT_IN_NAMESPACE_STD /**/
#define HAVE_COMPLEX_MATH_IN_NAMESPACE_STD /**/
#define ISNAN_IN_NAMESPACE_STD /**/
#define HAVE_STD /**/
#define HAVE_STL /**/
#define HAVE_RUSAGE /**/

configure: exit 0

## ---------------------- ##
## Running config.status. ##
## ---------------------- ##

This file was extended by blitz config.status 0.10, which was
generated by GNU Autoconf 2.69.  Invocation command line was

  CONFIG_FILES    = 
  CONFIG_HEADERS  = 
  CONFIG_LINKS    = 
  CONFIG_COMMANDS = 
  $ ./config.status blitz/config.h

on MBP-2018-lyx.local

config.status:1404: creating blitz/config.h
